[0.241s] DEBUG:colcon:Command line arguments: ['/usr/bin/colcon', 'build']
[0.241s] DEBUG:colcon:Parsed command line arguments: Namespace(allow_overriding=[], ament_cmake_args=None, base_paths=['.'], build_base='build', catkin_cmake_args=None, catkin_skip_building_tests=False, cmake_args=None, cmake_clean_cache=False, cmake_clean_first=False, cmake_force_configure=False, cmake_target=None, cmake_target_skip_unavailable=False, continue_on_error=False, event_handlers=None, executor='parallel', ignore_user_meta=False, install_base='install', log_base=None, log_level=None, main=<bound method BuildVerb.main of <colcon_core.verb.build.BuildVerb object at 0x7f1205366e80>>, merge_install=False, metas=['./colcon.meta'], mixin=None, mixin_files=None, mixin_verb=('build',), packages_above=None, packages_above_and_dependencies=None, packages_above_depth=None, packages_end=None, packages_ignore=None, packages_ignore_regex=None, packages_select=None, packages_select_build_failed=False, packages_select_by_dep=None, packages_select_regex=None, packages_select_test_failures=False, packages_skip=None, packages_skip_build_finished=False, packages_skip_by_dep=None, packages_skip_regex=None, packages_skip_test_passed=False, packages_skip_up_to=None, packages_start=None, packages_up_to=None, packages_up_to_regex=None, parallel_workers=8, paths=None, symlink_install=False, test_result_base=None, verb_extension=<colcon_core.verb.build.BuildVerb object at 0x7f1205366e80>, verb_name='build', verb_parser=<colcon_mixin.mixin.mixin_argument.MixinArgumentDecorator object at 0x7f1205374460>)
[0.362s] Level 1:colcon.colcon_core.package_discovery:discover_packages(colcon_meta) check parameters
[0.362s] Level 1:colcon.colcon_core.package_discovery:discover_packages(recursive) check parameters
[0.362s] Level 1:colcon.colcon_core.package_discovery:discover_packages(ignore) check parameters
[0.362s] Level 1:colcon.colcon_core.package_discovery:discover_packages(path) check parameters
[0.362s] Level 1:colcon.colcon_core.package_discovery:discover_packages(colcon_meta) discover
[0.362s] Level 1:colcon.colcon_core.package_discovery:discover_packages(recursive) discover
[0.362s] INFO:colcon.colcon_core.package_discovery:Crawling recursively for packages in '/home/hemant/ros2_ws'
[0.362s] Level 1:colcon.colcon_core.package_identification:_identify(.) by extensions ['ignore', 'ignore_ament_install']
[0.362s] Level 1:colcon.colcon_core.package_identification:_identify(.) by extension 'ignore'
[0.362s] Level 1:colcon.colcon_core.package_identification:_identify(.) by extension 'ignore_ament_install'
[0.362s] Level 1:colcon.colcon_core.package_identification:_identify(.) by extensions ['colcon_pkg']
[0.362s] Level 1:colcon.colcon_core.package_identification:_identify(.) by extension 'colcon_pkg'
[0.362s] Level 1:colcon.colcon_core.package_identification:_identify(.) by extensions ['colcon_meta']
[0.362s] Level 1:colcon.colcon_core.package_identification:_identify(.) by extension 'colcon_meta'
[0.362s] Level 1:colcon.colcon_core.package_identification:_identify(.) by extensions ['ros']
[0.362s] Level 1:colcon.colcon_core.package_identification:_identify(.) by extension 'ros'
[0.369s] Level 1:colcon.colcon_core.package_identification:_identify(.) by extensions ['cmake', 'python']
[0.369s] Level 1:colcon.colcon_core.package_identification:_identify(.) by extension 'cmake'
[0.369s] Level 1:colcon.colcon_core.package_identification:_identify(.) by extension 'python'
[0.369s] Level 1:colcon.colcon_core.package_identification:_identify(.) by extensions ['python_setup_py']
[0.369s] Level 1:colcon.colcon_core.package_identification:_identify(.) by extension 'python_setup_py'
[0.369s] Level 1:colcon.colcon_core.package_identification:_identify(build) by extensions ['ignore', 'ignore_ament_install']
[0.369s] Level 1:colcon.colcon_core.package_identification:_identify(build) by extension 'ignore'
[0.369s] Level 1:colcon.colcon_core.package_identification:_identify(build) ignored
[0.369s] Level 1:colcon.colcon_core.package_identification:_identify(install) by extensions ['ignore', 'ignore_ament_install']
[0.370s] Level 1:colcon.colcon_core.package_identification:_identify(install) by extension 'ignore'
[0.370s] Level 1:colcon.colcon_core.package_identification:_identify(install) ignored
[0.370s] Level 1:colcon.colcon_core.package_identification:_identify(log) by extensions ['ignore', 'ignore_ament_install']
[0.370s] Level 1:colcon.colcon_core.package_identification:_identify(log) by extension 'ignore'
[0.370s] Level 1:colcon.colcon_core.package_identification:_identify(log) ignored
[0.370s] Level 1:colcon.colcon_core.package_identification:_identify(src) by extensions ['ignore', 'ignore_ament_install']
[0.370s] Level 1:colcon.colcon_core.package_identification:_identify(src) by extension 'ignore'
[0.370s] Level 1:colcon.colcon_core.package_identification:_identify(src) by extension 'ignore_ament_install'
[0.370s] Level 1:colcon.colcon_core.package_identification:_identify(src) by extensions ['colcon_pkg']
[0.370s] Level 1:colcon.colcon_core.package_identification:_identify(src) by extension 'colcon_pkg'
[0.370s] Level 1:colcon.colcon_core.package_identification:_identify(src) by extensions ['colcon_meta']
[0.370s] Level 1:colcon.colcon_core.package_identification:_identify(src) by extension 'colcon_meta'
[0.370s] Level 1:colcon.colcon_core.package_identification:_identify(src) by extensions ['ros']
[0.370s] Level 1:colcon.colcon_core.package_identification:_identify(src) by extension 'ros'
[0.370s] Level 1:colcon.colcon_core.package_identification:_identify(src) by extensions ['cmake', 'python']
[0.370s] Level 1:colcon.colcon_core.package_identification:_identify(src) by extension 'cmake'
[0.370s] Level 1:colcon.colcon_core.package_identification:_identify(src) by extension 'python'
[0.370s] Level 1:colcon.colcon_core.package_identification:_identify(src) by extensions ['python_setup_py']
[0.370s] Level 1:colcon.colcon_core.package_identification:_identify(src) by extension 'python_setup_py'
[0.370s] Level 1:colcon.colcon_core.package_identification:_identify(src/basic) by extensions ['ignore', 'ignore_ament_install']
[0.370s] Level 1:colcon.colcon_core.package_identification:_identify(src/basic) by extension 'ignore'
[0.370s] Level 1:colcon.colcon_core.package_identification:_identify(src/basic) by extension 'ignore_ament_install'
[0.370s] Level 1:colcon.colcon_core.package_identification:_identify(src/basic) by extensions ['colcon_pkg']
[0.370s] Level 1:colcon.colcon_core.package_identification:_identify(src/basic) by extension 'colcon_pkg'
[0.370s] Level 1:colcon.colcon_core.package_identification:_identify(src/basic) by extensions ['colcon_meta']
[0.370s] Level 1:colcon.colcon_core.package_identification:_identify(src/basic) by extension 'colcon_meta'
[0.370s] Level 1:colcon.colcon_core.package_identification:_identify(src/basic) by extensions ['ros']
[0.370s] Level 1:colcon.colcon_core.package_identification:_identify(src/basic) by extension 'ros'
[0.372s] DEBUG:colcon.colcon_core.package_identification:Package 'src/basic' with type 'ros.ament_python' and name 'basic'
[0.372s] Level 1:colcon.colcon_core.package_identification:_identify(src/basic_mobile_robot) by extensions ['ignore', 'ignore_ament_install']
[0.372s] Level 1:colcon.colcon_core.package_identification:_identify(src/basic_mobile_robot) by extension 'ignore'
[0.372s] Level 1:colcon.colcon_core.package_identification:_identify(src/basic_mobile_robot) by extension 'ignore_ament_install'
[0.372s] Level 1:colcon.colcon_core.package_identification:_identify(src/basic_mobile_robot) by extensions ['colcon_pkg']
[0.372s] Level 1:colcon.colcon_core.package_identification:_identify(src/basic_mobile_robot) by extension 'colcon_pkg'
[0.372s] Level 1:colcon.colcon_core.package_identification:_identify(src/basic_mobile_robot) by extensions ['colcon_meta']
[0.372s] Level 1:colcon.colcon_core.package_identification:_identify(src/basic_mobile_robot) by extension 'colcon_meta'
[0.372s] Level 1:colcon.colcon_core.package_identification:_identify(src/basic_mobile_robot) by extensions ['ros']
[0.373s] Level 1:colcon.colcon_core.package_identification:_identify(src/basic_mobile_robot) by extension 'ros'
[0.373s] DEBUG:colcon.colcon_core.package_identification:Package 'src/basic_mobile_robot' with type 'ros.ament_cmake' and name 'basic_mobile_robot'
[0.373s] Level 1:colcon.colcon_core.package_identification:_identify(src/follower) by extensions ['ignore', 'ignore_ament_install']
[0.373s] Level 1:colcon.colcon_core.package_identification:_identify(src/follower) by extension 'ignore'
[0.373s] Level 1:colcon.colcon_core.package_identification:_identify(src/follower) by extension 'ignore_ament_install'
[0.374s] Level 1:colcon.colcon_core.package_identification:_identify(src/follower) by extensions ['colcon_pkg']
[0.374s] Level 1:colcon.colcon_core.package_identification:_identify(src/follower) by extension 'colcon_pkg'
[0.374s] Level 1:colcon.colcon_core.package_identification:_identify(src/follower) by extensions ['colcon_meta']
[0.374s] Level 1:colcon.colcon_core.package_identification:_identify(src/follower) by extension 'colcon_meta'
[0.374s] Level 1:colcon.colcon_core.package_identification:_identify(src/follower) by extensions ['ros']
[0.374s] Level 1:colcon.colcon_core.package_identification:_identify(src/follower) by extension 'ros'
[0.374s] DEBUG:colcon.colcon_core.package_identification:Package 'src/follower' with type 'ros.ament_python' and name 'follower'
[0.374s] Level 1:colcon.colcon_core.package_discovery:discover_packages(recursive) using defaults
[0.374s] Level 1:colcon.colcon_core.package_discovery:discover_packages(ignore) discover
[0.374s] Level 1:colcon.colcon_core.package_discovery:discover_packages(ignore) using defaults
[0.374s] Level 1:colcon.colcon_core.package_discovery:discover_packages(path) discover
[0.374s] Level 1:colcon.colcon_core.package_discovery:discover_packages(path) using defaults
[0.397s] Level 1:colcon.colcon_core.package_discovery:discover_packages(prefix_path) check parameters
[0.397s] Level 1:colcon.colcon_core.package_discovery:discover_packages(prefix_path) discover
[0.401s] DEBUG:colcon.colcon_installed_package_information.package_discovery:Found 4 installed packages in /home/hemant/ros2_ws/install
[0.402s] DEBUG:colcon.colcon_installed_package_information.package_discovery:Found 376 installed packages in /opt/ros/foxy
[0.403s] Level 1:colcon.colcon_core.package_discovery:discover_packages(prefix_path) using defaults
[0.480s] Level 5:colcon.colcon_core.verb:set package 'basic' build argument 'cmake_args' from command line to 'None'
[0.480s] Level 5:colcon.colcon_core.verb:set package 'basic' build argument 'cmake_target' from command line to 'None'
[0.480s] Level 5:colcon.colcon_core.verb:set package 'basic' build argument 'cmake_target_skip_unavailable' from command line to 'False'
[0.480s] Level 5:colcon.colcon_core.verb:set package 'basic' build argument 'cmake_clean_cache' from command line to 'False'
[0.480s] Level 5:colcon.colcon_core.verb:set package 'basic' build argument 'cmake_clean_first' from command line to 'False'
[0.480s] Level 5:colcon.colcon_core.verb:set package 'basic' build argument 'cmake_force_configure' from command line to 'False'
[0.480s] Level 5:colcon.colcon_core.verb:set package 'basic' build argument 'ament_cmake_args' from command line to 'None'
[0.480s] Level 5:colcon.colcon_core.verb:set package 'basic' build argument 'catkin_cmake_args' from command line to 'None'
[0.480s] Level 5:colcon.colcon_core.verb:set package 'basic' build argument 'catkin_skip_building_tests' from command line to 'False'
[0.480s] DEBUG:colcon.colcon_core.verb:Building package 'basic' with the following arguments: {'ament_cmake_args': None, 'build_base': '/home/hemant/ros2_ws/build/basic', 'catkin_cmake_args': None, 'catkin_skip_building_tests': False, 'cmake_args': None, 'cmake_clean_cache': False, 'cmake_clean_first': False, 'cmake_force_configure': False, 'cmake_target': None, 'cmake_target_skip_unavailable': False, 'install_base': '/home/hemant/ros2_ws/install/basic', 'merge_install': False, 'path': '/home/hemant/ros2_ws/src/basic', 'symlink_install': False, 'test_result_base': None}
[0.480s] Level 5:colcon.colcon_core.verb:set package 'basic_mobile_robot' build argument 'cmake_args' from command line to 'None'
[0.480s] Level 5:colcon.colcon_core.verb:set package 'basic_mobile_robot' build argument 'cmake_target' from command line to 'None'
[0.480s] Level 5:colcon.colcon_core.verb:set package 'basic_mobile_robot' build argument 'cmake_target_skip_unavailable' from command line to 'False'
[0.480s] Level 5:colcon.colcon_core.verb:set package 'basic_mobile_robot' build argument 'cmake_clean_cache' from command line to 'False'
[0.480s] Level 5:colcon.colcon_core.verb:set package 'basic_mobile_robot' build argument 'cmake_clean_first' from command line to 'False'
[0.480s] Level 5:colcon.colcon_core.verb:set package 'basic_mobile_robot' build argument 'cmake_force_configure' from command line to 'False'
[0.480s] Level 5:colcon.colcon_core.verb:set package 'basic_mobile_robot' build argument 'ament_cmake_args' from command line to 'None'
[0.480s] Level 5:colcon.colcon_core.verb:set package 'basic_mobile_robot' build argument 'catkin_cmake_args' from command line to 'None'
[0.480s] Level 5:colcon.colcon_core.verb:set package 'basic_mobile_robot' build argument 'catkin_skip_building_tests' from command line to 'False'
[0.480s] DEBUG:colcon.colcon_core.verb:Building package 'basic_mobile_robot' with the following arguments: {'ament_cmake_args': None, 'build_base': '/home/hemant/ros2_ws/build/basic_mobile_robot', 'catkin_cmake_args': None, 'catkin_skip_building_tests': False, 'cmake_args': None, 'cmake_clean_cache': False, 'cmake_clean_first': False, 'cmake_force_configure': False, 'cmake_target': None, 'cmake_target_skip_unavailable': False, 'install_base': '/home/hemant/ros2_ws/install/basic_mobile_robot', 'merge_install': False, 'path': '/home/hemant/ros2_ws/src/basic_mobile_robot', 'symlink_install': False, 'test_result_base': None}
[0.481s] Level 5:colcon.colcon_core.verb:set package 'follower' build argument 'cmake_args' from command line to 'None'
[0.481s] Level 5:colcon.colcon_core.verb:set package 'follower' build argument 'cmake_target' from command line to 'None'
[0.481s] Level 5:colcon.colcon_core.verb:set package 'follower' build argument 'cmake_target_skip_unavailable' from command line to 'False'
[0.481s] Level 5:colcon.colcon_core.verb:set package 'follower' build argument 'cmake_clean_cache' from command line to 'False'
[0.481s] Level 5:colcon.colcon_core.verb:set package 'follower' build argument 'cmake_clean_first' from command line to 'False'
[0.481s] Level 5:colcon.colcon_core.verb:set package 'follower' build argument 'cmake_force_configure' from command line to 'False'
[0.481s] Level 5:colcon.colcon_core.verb:set package 'follower' build argument 'ament_cmake_args' from command line to 'None'
[0.481s] Level 5:colcon.colcon_core.verb:set package 'follower' build argument 'catkin_cmake_args' from command line to 'None'
[0.481s] Level 5:colcon.colcon_core.verb:set package 'follower' build argument 'catkin_skip_building_tests' from command line to 'False'
[0.481s] DEBUG:colcon.colcon_core.verb:Building package 'follower' with the following arguments: {'ament_cmake_args': None, 'build_base': '/home/hemant/ros2_ws/build/follower', 'catkin_cmake_args': None, 'catkin_skip_building_tests': False, 'cmake_args': None, 'cmake_clean_cache': False, 'cmake_clean_first': False, 'cmake_force_configure': False, 'cmake_target': None, 'cmake_target_skip_unavailable': False, 'install_base': '/home/hemant/ros2_ws/install/follower', 'merge_install': False, 'path': '/home/hemant/ros2_ws/src/follower', 'symlink_install': False, 'test_result_base': None}
[0.481s] INFO:colcon.colcon_core.executor:Executing jobs using 'parallel' executor
[0.482s] DEBUG:colcon.colcon_parallel_executor.executor.parallel:run_until_complete
[0.482s] INFO:colcon.colcon_ros.task.ament_python.build:Building ROS package in '/home/hemant/ros2_ws/src/basic' with build type 'ament_python'
[0.482s] Level 1:colcon.colcon_core.shell:create_environment_hook('basic', 'ament_prefix_path')
[0.488s] INFO:colcon.colcon_core.plugin_system:Skipping extension 'colcon_core.shell.bat': Not used on non-Windows systems
[0.488s] INFO:colcon.colcon_core.shell:Creating environment hook '/home/hemant/ros2_ws/install/basic/share/basic/hook/ament_prefix_path.ps1'
[0.490s] INFO:colcon.colcon_core.shell:Creating environment descriptor '/home/hemant/ros2_ws/install/basic/share/basic/hook/ament_prefix_path.dsv'
[0.490s] INFO:colcon.colcon_core.shell:Creating environment hook '/home/hemant/ros2_ws/install/basic/share/basic/hook/ament_prefix_path.sh'
[0.501s] INFO:colcon.colcon_core.shell:Skip shell extension 'powershell' for command environment: Not usable outside of PowerShell
[0.501s] DEBUG:colcon.colcon_core.shell:Skip shell extension 'dsv' for command environment
[0.506s] INFO:colcon.colcon_ros.task.ament_cmake.build:Building ROS package in '/home/hemant/ros2_ws/src/basic_mobile_robot' with build type 'ament_cmake'
[0.506s] INFO:colcon.colcon_cmake.task.cmake.build:Building CMake package in '/home/hemant/ros2_ws/src/basic_mobile_robot'
[0.506s] INFO:colcon.colcon_core.shell:Skip shell extension 'powershell' for command environment: Not usable outside of PowerShell
[0.506s] DEBUG:colcon.colcon_core.shell:Skip shell extension 'dsv' for command environment
[0.510s] INFO:colcon.colcon_ros.task.ament_python.build:Building ROS package in '/home/hemant/ros2_ws/src/follower' with build type 'ament_python'
[0.511s] Level 1:colcon.colcon_core.shell:create_environment_hook('follower', 'ament_prefix_path')
[0.511s] INFO:colcon.colcon_core.shell:Creating environment hook '/home/hemant/ros2_ws/install/follower/share/follower/hook/ament_prefix_path.ps1'
[0.512s] INFO:colcon.colcon_core.shell:Creating environment descriptor '/home/hemant/ros2_ws/install/follower/share/follower/hook/ament_prefix_path.dsv'
[0.512s] INFO:colcon.colcon_core.shell:Creating environment hook '/home/hemant/ros2_ws/install/follower/share/follower/hook/ament_prefix_path.sh'
[0.512s] INFO:colcon.colcon_core.shell:Skip shell extension 'powershell' for command environment: Not usable outside of PowerShell
[0.512s] DEBUG:colcon.colcon_core.shell:Skip shell extension 'dsv' for command environment
[0.655s] INFO:colcon.colcon_core.task.python.build:Building Python package in '/home/hemant/ros2_ws/src/basic'
[0.655s] INFO:colcon.colcon_core.shell:Skip shell extension 'powershell' for command environment: Not usable outside of PowerShell
[0.655s] DEBUG:colcon.colcon_core.shell:Skip shell extension 'dsv' for command environment
[0.664s] DEBUG:colcon.colcon_core.event_handler.log_command:Invoking command in '/home/hemant/ros2_ws/build/basic_mobile_robot': CMAKE_PREFIX_PATH=${CMAKE_PREFIX_PATH}:/home/hemant/ros2_ws/install/follower:/home/hemant/ros2_ws/install/basic:/opt/ros/foxy /usr/bin/cmake --build /home/hemant/ros2_ws/build/basic_mobile_robot -- -j8 -l8
[0.804s] INFO:colcon.colcon_core.task.python.build:Building Python package in '/home/hemant/ros2_ws/src/follower'
[0.804s] INFO:colcon.colcon_core.shell:Skip shell extension 'powershell' for command environment: Not usable outside of PowerShell
[0.804s] DEBUG:colcon.colcon_core.shell:Skip shell extension 'dsv' for command environment
[0.817s] DEBUG:colcon.colcon_core.event_handler.log_command:Invoked command in '/home/hemant/ros2_ws/build/basic_mobile_robot' returned '0': CMAKE_PREFIX_PATH=${CMAKE_PREFIX_PATH}:/home/hemant/ros2_ws/install/follower:/home/hemant/ros2_ws/install/basic:/opt/ros/foxy /usr/bin/cmake --build /home/hemant/ros2_ws/build/basic_mobile_robot -- -j8 -l8
[0.839s] DEBUG:colcon.colcon_core.event_handler.log_command:Invoking command in '/home/hemant/ros2_ws/build/basic_mobile_robot': CMAKE_PREFIX_PATH=${CMAKE_PREFIX_PATH}:/home/hemant/ros2_ws/install/follower:/home/hemant/ros2_ws/install/basic:/opt/ros/foxy /usr/bin/cmake --install /home/hemant/ros2_ws/build/basic_mobile_robot
[0.852s] Level 1:colcon.colcon_core.environment:create_environment_scripts_only(basic_mobile_robot)
[0.852s] DEBUG:colcon.colcon_core.event_handler.log_command:Invoked command in '/home/hemant/ros2_ws/build/basic_mobile_robot' returned '0': CMAKE_PREFIX_PATH=${CMAKE_PREFIX_PATH}:/home/hemant/ros2_ws/install/follower:/home/hemant/ros2_ws/install/basic:/opt/ros/foxy /usr/bin/cmake --install /home/hemant/ros2_ws/build/basic_mobile_robot
[0.860s] Level 1:colcon.colcon_core.environment:checking '/home/hemant/ros2_ws/install/basic_mobile_robot' for CMake module files
[0.860s] Level 1:colcon.colcon_core.environment:checking '/home/hemant/ros2_ws/install/basic_mobile_robot' for CMake config files
[0.860s] Level 1:colcon.colcon_core.shell:create_environment_hook('basic_mobile_robot', 'cmake_prefix_path')
[0.860s] INFO:colcon.colcon_core.shell:Creating environment hook '/home/hemant/ros2_ws/install/basic_mobile_robot/share/basic_mobile_robot/hook/cmake_prefix_path.ps1'
[0.861s] INFO:colcon.colcon_core.shell:Creating environment descriptor '/home/hemant/ros2_ws/install/basic_mobile_robot/share/basic_mobile_robot/hook/cmake_prefix_path.dsv'
[0.861s] INFO:colcon.colcon_core.shell:Creating environment hook '/home/hemant/ros2_ws/install/basic_mobile_robot/share/basic_mobile_robot/hook/cmake_prefix_path.sh'
[0.862s] Level 1:colcon.colcon_core.environment:checking '/home/hemant/ros2_ws/install/basic_mobile_robot/bin'
[0.862s] Level 1:colcon.colcon_core.environment:checking '/home/hemant/ros2_ws/install/basic_mobile_robot/lib/pkgconfig/basic_mobile_robot.pc'
[0.862s] Level 1:colcon.colcon_core.environment:checking '/home/hemant/ros2_ws/install/basic_mobile_robot/lib/python3.8/site-packages'
[0.862s] Level 1:colcon.colcon_core.environment:checking '/home/hemant/ros2_ws/install/basic_mobile_robot/bin'
[0.862s] INFO:colcon.colcon_core.shell:Creating package script '/home/hemant/ros2_ws/install/basic_mobile_robot/share/basic_mobile_robot/package.ps1'
[0.863s] INFO:colcon.colcon_core.shell:Creating package descriptor '/home/hemant/ros2_ws/install/basic_mobile_robot/share/basic_mobile_robot/package.dsv'
[0.864s] INFO:colcon.colcon_core.shell:Creating package script '/home/hemant/ros2_ws/install/basic_mobile_robot/share/basic_mobile_robot/package.sh'
[0.865s] INFO:colcon.colcon_core.shell:Creating package script '/home/hemant/ros2_ws/install/basic_mobile_robot/share/basic_mobile_robot/package.bash'
[0.866s] INFO:colcon.colcon_core.shell:Creating package script '/home/hemant/ros2_ws/install/basic_mobile_robot/share/basic_mobile_robot/package.zsh'
[0.866s] Level 1:colcon.colcon_core.environment:create_file_with_runtime_dependencies(/home/hemant/ros2_ws/install/basic_mobile_robot/share/colcon-core/packages/basic_mobile_robot)
[0.880s] Level 1:colcon.colcon_core.environment:create_environment_scripts_only(basic_mobile_robot)
[0.881s] Level 1:colcon.colcon_core.environment:checking '/home/hemant/ros2_ws/install/basic_mobile_robot' for CMake module files
[0.881s] Level 1:colcon.colcon_core.environment:checking '/home/hemant/ros2_ws/install/basic_mobile_robot' for CMake config files
[0.881s] Level 1:colcon.colcon_core.shell:create_environment_hook('basic_mobile_robot', 'cmake_prefix_path')
[0.881s] INFO:colcon.colcon_core.shell:Creating environment hook '/home/hemant/ros2_ws/install/basic_mobile_robot/share/basic_mobile_robot/hook/cmake_prefix_path.ps1'
[0.882s] INFO:colcon.colcon_core.shell:Creating environment descriptor '/home/hemant/ros2_ws/install/basic_mobile_robot/share/basic_mobile_robot/hook/cmake_prefix_path.dsv'
[0.882s] INFO:colcon.colcon_core.shell:Creating environment hook '/home/hemant/ros2_ws/install/basic_mobile_robot/share/basic_mobile_robot/hook/cmake_prefix_path.sh'
[0.882s] Level 1:colcon.colcon_core.environment:checking '/home/hemant/ros2_ws/install/basic_mobile_robot/bin'
[0.883s] Level 1:colcon.colcon_core.environment:checking '/home/hemant/ros2_ws/install/basic_mobile_robot/lib/pkgconfig/basic_mobile_robot.pc'
[0.883s] Level 1:colcon.colcon_core.environment:checking '/home/hemant/ros2_ws/install/basic_mobile_robot/lib/python3.8/site-packages'
[0.883s] Level 1:colcon.colcon_core.environment:checking '/home/hemant/ros2_ws/install/basic_mobile_robot/bin'
[0.883s] INFO:colcon.colcon_core.shell:Creating package script '/home/hemant/ros2_ws/install/basic_mobile_robot/share/basic_mobile_robot/package.ps1'
[0.883s] INFO:colcon.colcon_core.shell:Creating package descriptor '/home/hemant/ros2_ws/install/basic_mobile_robot/share/basic_mobile_robot/package.dsv'
[0.884s] INFO:colcon.colcon_core.shell:Creating package script '/home/hemant/ros2_ws/install/basic_mobile_robot/share/basic_mobile_robot/package.sh'
[0.884s] INFO:colcon.colcon_core.shell:Creating package script '/home/hemant/ros2_ws/install/basic_mobile_robot/share/basic_mobile_robot/package.bash'
[0.884s] INFO:colcon.colcon_core.shell:Creating package script '/home/hemant/ros2_ws/install/basic_mobile_robot/share/basic_mobile_robot/package.zsh'
[0.884s] Level 1:colcon.colcon_core.environment:create_file_with_runtime_dependencies(/home/hemant/ros2_ws/install/basic_mobile_robot/share/colcon-core/packages/basic_mobile_robot)
[1.189s] DEBUG:colcon.colcon_core.event_handler.log_command:Invoking command in '/home/hemant/ros2_ws/src/follower': PYTHONPATH=/home/hemant/ros2_ws/build/follower/prefix_override:/usr/lib/python3/dist-packages/colcon_core/task/python/colcon_distutils_commands:/home/hemant/ros2_ws/install/follower/lib/python3.8/site-packages:${PYTHONPATH} /usr/bin/python3 -W ignore:setup.py install is deprecated setup.py egg_info --egg-base ../../build/follower build --build-base /home/hemant/ros2_ws/build/follower/build install --record /home/hemant/ros2_ws/build/follower/install.log --install-scripts $base/lib/follower --single-version-externally-managed install_data
[1.191s] DEBUG:colcon.colcon_core.event_handler.log_command:Invoking command in '/home/hemant/ros2_ws/src/basic': PYTHONPATH=/home/hemant/ros2_ws/build/basic/prefix_override:/usr/lib/python3/dist-packages/colcon_core/task/python/colcon_distutils_commands:/home/hemant/ros2_ws/install/basic/lib/python3.8/site-packages:${PYTHONPATH} /usr/bin/python3 -W ignore:setup.py install is deprecated setup.py egg_info --egg-base ../../build/basic build --build-base /home/hemant/ros2_ws/build/basic/build install --record /home/hemant/ros2_ws/build/basic/install.log --install-scripts $base/lib/basic --single-version-externally-managed install_data
[1.388s] Level 1:colcon.colcon_core.environment:checking '/home/hemant/ros2_ws/install/follower' for CMake module files
[1.388s] DEBUG:colcon.colcon_core.event_handler.log_command:Invoked command in '/home/hemant/ros2_ws/src/follower' returned '0': PYTHONPATH=/home/hemant/ros2_ws/build/follower/prefix_override:/usr/lib/python3/dist-packages/colcon_core/task/python/colcon_distutils_commands:/home/hemant/ros2_ws/install/follower/lib/python3.8/site-packages:${PYTHONPATH} /usr/bin/python3 -W ignore:setup.py install is deprecated setup.py egg_info --egg-base ../../build/follower build --build-base /home/hemant/ros2_ws/build/follower/build install --record /home/hemant/ros2_ws/build/follower/install.log --install-scripts $base/lib/follower --single-version-externally-managed install_data
[1.388s] Level 1:colcon.colcon_core.environment:checking '/home/hemant/ros2_ws/install/follower' for CMake config files
[1.389s] Level 1:colcon.colcon_core.environment:checking '/home/hemant/ros2_ws/install/follower/lib'
[1.389s] Level 1:colcon.colcon_core.environment:checking '/home/hemant/ros2_ws/install/follower/bin'
[1.389s] Level 1:colcon.colcon_core.environment:checking '/home/hemant/ros2_ws/install/follower/lib/pkgconfig/follower.pc'
[1.389s] Level 1:colcon.colcon_core.environment:checking '/home/hemant/ros2_ws/install/follower/lib/python3.8/site-packages'
[1.389s] Level 1:colcon.colcon_core.shell:create_environment_hook('follower', 'pythonpath')
[1.389s] INFO:colcon.colcon_core.shell:Creating environment hook '/home/hemant/ros2_ws/install/follower/share/follower/hook/pythonpath.ps1'
[1.390s] INFO:colcon.colcon_core.shell:Creating environment descriptor '/home/hemant/ros2_ws/install/follower/share/follower/hook/pythonpath.dsv'
[1.390s] INFO:colcon.colcon_core.shell:Creating environment hook '/home/hemant/ros2_ws/install/follower/share/follower/hook/pythonpath.sh'
[1.390s] Level 1:colcon.colcon_core.environment:checking '/home/hemant/ros2_ws/install/follower/bin'
[1.390s] Level 1:colcon.colcon_core.environment:create_environment_scripts_only(follower)
[1.391s] INFO:colcon.colcon_core.shell:Creating package script '/home/hemant/ros2_ws/install/follower/share/follower/package.ps1'
[1.391s] INFO:colcon.colcon_core.shell:Creating package descriptor '/home/hemant/ros2_ws/install/follower/share/follower/package.dsv'
[1.391s] INFO:colcon.colcon_core.shell:Creating package script '/home/hemant/ros2_ws/install/follower/share/follower/package.sh'
[1.391s] INFO:colcon.colcon_core.shell:Creating package script '/home/hemant/ros2_ws/install/follower/share/follower/package.bash'
[1.392s] INFO:colcon.colcon_core.shell:Creating package script '/home/hemant/ros2_ws/install/follower/share/follower/package.zsh'
[1.392s] Level 1:colcon.colcon_core.environment:create_file_with_runtime_dependencies(/home/hemant/ros2_ws/install/follower/share/colcon-core/packages/follower)
[1.392s] Level 1:colcon.colcon_core.environment:checking '/home/hemant/ros2_ws/install/basic' for CMake module files
[1.393s] Level 1:colcon.colcon_core.environment:checking '/home/hemant/ros2_ws/install/basic' for CMake config files
[1.393s] DEBUG:colcon.colcon_core.event_handler.log_command:Invoked command in '/home/hemant/ros2_ws/src/basic' returned '0': PYTHONPATH=/home/hemant/ros2_ws/build/basic/prefix_override:/usr/lib/python3/dist-packages/colcon_core/task/python/colcon_distutils_commands:/home/hemant/ros2_ws/install/basic/lib/python3.8/site-packages:${PYTHONPATH} /usr/bin/python3 -W ignore:setup.py install is deprecated setup.py egg_info --egg-base ../../build/basic build --build-base /home/hemant/ros2_ws/build/basic/build install --record /home/hemant/ros2_ws/build/basic/install.log --install-scripts $base/lib/basic --single-version-externally-managed install_data
[1.393s] Level 1:colcon.colcon_core.environment:checking '/home/hemant/ros2_ws/install/basic/lib'
[1.393s] Level 1:colcon.colcon_core.environment:checking '/home/hemant/ros2_ws/install/basic/bin'
[1.393s] Level 1:colcon.colcon_core.environment:checking '/home/hemant/ros2_ws/install/basic/lib/pkgconfig/basic.pc'
[1.393s] Level 1:colcon.colcon_core.environment:checking '/home/hemant/ros2_ws/install/basic/lib/python3.8/site-packages'
[1.393s] Level 1:colcon.colcon_core.shell:create_environment_hook('basic', 'pythonpath')
[1.393s] INFO:colcon.colcon_core.shell:Creating environment hook '/home/hemant/ros2_ws/install/basic/share/basic/hook/pythonpath.ps1'
[1.394s] INFO:colcon.colcon_core.shell:Creating environment descriptor '/home/hemant/ros2_ws/install/basic/share/basic/hook/pythonpath.dsv'
[1.394s] INFO:colcon.colcon_core.shell:Creating environment hook '/home/hemant/ros2_ws/install/basic/share/basic/hook/pythonpath.sh'
[1.394s] Level 1:colcon.colcon_core.environment:checking '/home/hemant/ros2_ws/install/basic/bin'
[1.394s] Level 1:colcon.colcon_core.environment:create_environment_scripts_only(basic)
[1.395s] INFO:colcon.colcon_core.shell:Creating package script '/home/hemant/ros2_ws/install/basic/share/basic/package.ps1'
[1.395s] INFO:colcon.colcon_core.shell:Creating package descriptor '/home/hemant/ros2_ws/install/basic/share/basic/package.dsv'
[1.395s] INFO:colcon.colcon_core.shell:Creating package script '/home/hemant/ros2_ws/install/basic/share/basic/package.sh'
[1.395s] INFO:colcon.colcon_core.shell:Creating package script '/home/hemant/ros2_ws/install/basic/share/basic/package.bash'
[1.396s] INFO:colcon.colcon_core.shell:Creating package script '/home/hemant/ros2_ws/install/basic/share/basic/package.zsh'
[1.396s] Level 1:colcon.colcon_core.environment:create_file_with_runtime_dependencies(/home/hemant/ros2_ws/install/basic/share/colcon-core/packages/basic)
[1.396s] DEBUG:colcon.colcon_parallel_executor.executor.parallel:closing loop
[1.396s] DEBUG:colcon.colcon_parallel_executor.executor.parallel:loop closed
[1.396s] DEBUG:colcon.colcon_parallel_executor.executor.parallel:run_until_complete finished with '0'
[1.396s] DEBUG:colcon.colcon_core.event_reactor:joining thread
[1.402s] INFO:colcon.colcon_core.plugin_system:Skipping extension 'colcon_notification.desktop_notification.terminal_notifier': Not used on non-Darwin systems
[1.402s] INFO:colcon.colcon_core.plugin_system:Skipping extension 'colcon_notification.desktop_notification.win32': Not used on non-Windows systems
[1.402s] INFO:colcon.colcon_notification.desktop_notification:Sending desktop notification using 'notify2'
[1.416s] DEBUG:colcon.colcon_core.event_reactor:joined thread
[1.416s] INFO:colcon.colcon_core.shell:Creating prefix script '/home/hemant/ros2_ws/install/local_setup.ps1'
[1.418s] INFO:colcon.colcon_core.shell:Creating prefix util module '/home/hemant/ros2_ws/install/_local_setup_util_ps1.py'
[1.420s] INFO:colcon.colcon_core.shell:Creating prefix chain script '/home/hemant/ros2_ws/install/setup.ps1'
[1.421s] INFO:colcon.colcon_core.shell:Creating prefix script '/home/hemant/ros2_ws/install/local_setup.sh'
[1.422s] INFO:colcon.colcon_core.shell:Creating prefix util module '/home/hemant/ros2_ws/install/_local_setup_util_sh.py'
[1.422s] INFO:colcon.colcon_core.shell:Creating prefix chain script '/home/hemant/ros2_ws/install/setup.sh'
[1.424s] INFO:colcon.colcon_core.shell:Creating prefix script '/home/hemant/ros2_ws/install/local_setup.bash'
[1.424s] INFO:colcon.colcon_core.shell:Creating prefix chain script '/home/hemant/ros2_ws/install/setup.bash'
[1.425s] INFO:colcon.colcon_core.shell:Creating prefix script '/home/hemant/ros2_ws/install/local_setup.zsh'
[1.425s] INFO:colcon.colcon_core.shell:Creating prefix chain script '/home/hemant/ros2_ws/install/setup.zsh'
