[0.315s] Invoking command in '/home/hemant/ros2_ws/build/two_wheeled_robot': CMAKE_PREFIX_PATH=${CMAKE_PREFIX_PATH}:/home/hemant/ros2_ws/install/follower:/home/hemant/ros2_ws/install/basic:/opt/ros/foxy /usr/bin/cmake /home/hemant/ros2_ws/src/two_wheeled_robot -DCMAKE_INSTALL_PREFIX=/home/hemant/ros2_ws/install/two_wheeled_robot
[0.361s] -- The C compiler identification is GNU 9.4.0
[0.403s] -- The CXX compiler identification is GNU 9.4.0
[0.407s] -- Check for working C compiler: /usr/bin/cc
[0.466s] -- Check for working C compiler: /usr/bin/cc -- works
[0.467s] -- Detecting C compiler ABI info
[0.528s] -- Detecting C compiler ABI info - done
[0.543s] -- Detecting C compile features
[0.544s] -- Detecting C compile features - done
[0.547s] -- Check for working CXX compiler: /usr/bin/c++
[0.611s] -- Check for working CXX compiler: /usr/bin/c++ -- works
[0.613s] -- Detecting CXX compiler ABI info
[0.691s] -- Detecting CXX compiler ABI info - done
[0.708s] -- Detecting CXX compile features
[0.708s] -- Detecting CXX compile features - done
[0.711s] -- Found ament_cmake: 0.9.12 (/opt/ros/foxy/share/ament_cmake/cmake)
[0.735s] -- Found PythonInterp: /usr/bin/python3 (found suitable version "3.8.10", minimum required is "3") 
[0.735s] -- Using PYTHON_EXECUTABLE: /usr/bin/python3
[0.906s] -- Found rclcpp: 2.4.3 (/opt/ros/foxy/share/rclcpp/cmake)
[0.956s] -- Using all available rosidl_typesupport_c: rosidl_typesupport_fastrtps_c;rosidl_typesupport_introspection_c
[0.961s] -- Found rosidl_adapter: 1.3.1 (/opt/ros/foxy/share/rosidl_adapter/cmake)
[1.025s] -- Found OpenSSL: /usr/lib/x86_64-linux-gnu/libcrypto.so (found version "1.1.1f")  
[1.048s] -- Found FastRTPS: /opt/ros/foxy/include  
[1.104s] -- Using all available rosidl_typesupport_cpp: rosidl_typesupport_fastrtps_cpp;rosidl_typesupport_introspection_cpp
[1.142s] -- Found rmw_implementation_cmake: 1.0.4 (/opt/ros/foxy/share/rmw_implementation_cmake/cmake)
[1.142s] -- Using RMW implementation 'rmw_fastrtps_cpp' as default
[1.143s] -- Looking for pthread.h
[1.200s] -- Looking for pthread.h - found
[1.200s] -- Performing Test CMAKE_HAVE_LIBC_PTHREAD
[1.261s] -- Performing Test CMAKE_HAVE_LIBC_PTHREAD - Failed
[1.261s] -- Looking for pthread_create in pthreads
[1.302s] -- Looking for pthread_create in pthreads - not found
[1.302s] -- Looking for pthread_create in pthread
[1.356s] -- Looking for pthread_create in pthread - found
[1.357s] -- Found Threads: TRUE  
[1.500s] -- Configuring done
[1.501s] -- Generating done
[1.502s] -- Build files have been written to: /home/hemant/ros2_ws/build/two_wheeled_robot
[1.508s] Invoked command in '/home/hemant/ros2_ws/build/two_wheeled_robot' returned '0': CMAKE_PREFIX_PATH=${CMAKE_PREFIX_PATH}:/home/hemant/ros2_ws/install/follower:/home/hemant/ros2_ws/install/basic:/opt/ros/foxy /usr/bin/cmake /home/hemant/ros2_ws/src/two_wheeled_robot -DCMAKE_INSTALL_PREFIX=/home/hemant/ros2_ws/install/two_wheeled_robot
[1.509s] Invoking command in '/home/hemant/ros2_ws/build/two_wheeled_robot': CMAKE_PREFIX_PATH=${CMAKE_PREFIX_PATH}:/home/hemant/ros2_ws/install/follower:/home/hemant/ros2_ws/install/basic:/opt/ros/foxy /usr/bin/cmake --build /home/hemant/ros2_ws/build/two_wheeled_robot -- -j8 -l8
[1.541s] Invoked command in '/home/hemant/ros2_ws/build/two_wheeled_robot' returned '0': CMAKE_PREFIX_PATH=${CMAKE_PREFIX_PATH}:/home/hemant/ros2_ws/install/follower:/home/hemant/ros2_ws/install/basic:/opt/ros/foxy /usr/bin/cmake --build /home/hemant/ros2_ws/build/two_wheeled_robot -- -j8 -l8
[1.565s] Invoking command in '/home/hemant/ros2_ws/build/two_wheeled_robot': CMAKE_PREFIX_PATH=${CMAKE_PREFIX_PATH}:/home/hemant/ros2_ws/install/follower:/home/hemant/ros2_ws/install/basic:/opt/ros/foxy /usr/bin/cmake --install /home/hemant/ros2_ws/build/two_wheeled_robot
[1.576s] -- Install configuration: ""
[1.576s] -- Installing: /home/hemant/ros2_ws/install/two_wheeled_robot/share/ament_index/resource_index/package_run_dependencies/two_wheeled_robot
[1.576s] -- Installing: /home/hemant/ros2_ws/install/two_wheeled_robot/share/ament_index/resource_index/parent_prefix_path/two_wheeled_robot
[1.576s] -- Installing: /home/hemant/ros2_ws/install/two_wheeled_robot/share/two_wheeled_robot/environment/ament_prefix_path.sh
[1.577s] -- Installing: /home/hemant/ros2_ws/install/two_wheeled_robot/share/two_wheeled_robot/environment/ament_prefix_path.dsv
[1.577s] -- Installing: /home/hemant/ros2_ws/install/two_wheeled_robot/share/two_wheeled_robot/environment/path.sh
[1.577s] -- Installing: /home/hemant/ros2_ws/install/two_wheeled_robot/share/two_wheeled_robot/environment/path.dsv
[1.577s] -- Installing: /home/hemant/ros2_ws/install/two_wheeled_robot/share/two_wheeled_robot/local_setup.bash
[1.577s] -- Installing: /home/hemant/ros2_ws/install/two_wheeled_robot/share/two_wheeled_robot/local_setup.sh
[1.577s] -- Installing: /home/hemant/ros2_ws/install/two_wheeled_robot/share/two_wheeled_robot/local_setup.zsh
[1.577s] -- Installing: /home/hemant/ros2_ws/install/two_wheeled_robot/share/two_wheeled_robot/local_setup.dsv
[1.577s] -- Installing: /home/hemant/ros2_ws/install/two_wheeled_robot/share/two_wheeled_robot/package.dsv
[1.577s] -- Installing: /home/hemant/ros2_ws/install/two_wheeled_robot/share/ament_index/resource_index/packages/two_wheeled_robot
[1.578s] -- Installing: /home/hemant/ros2_ws/install/two_wheeled_robot/share/two_wheeled_robot/cmake/two_wheeled_robotConfig.cmake
[1.578s] -- Installing: /home/hemant/ros2_ws/install/two_wheeled_robot/share/two_wheeled_robot/cmake/two_wheeled_robotConfig-version.cmake
[1.578s] -- Installing: /home/hemant/ros2_ws/install/two_wheeled_robot/share/two_wheeled_robot/package.xml
[1.580s] Invoked command in '/home/hemant/ros2_ws/build/two_wheeled_robot' returned '0': CMAKE_PREFIX_PATH=${CMAKE_PREFIX_PATH}:/home/hemant/ros2_ws/install/follower:/home/hemant/ros2_ws/install/basic:/opt/ros/foxy /usr/bin/cmake --install /home/hemant/ros2_ws/build/two_wheeled_robot
