[0.118s] DEBUG:colcon:Command line arguments: ['/usr/bin/colcon', 'build']
[0.118s] DEBUG:colcon:Parsed command line arguments: Namespace(allow_overriding=[], ament_cmake_args=None, base_paths=['.'], build_base='build', catkin_cmake_args=None, catkin_skip_building_tests=False, cmake_args=None, cmake_clean_cache=False, cmake_clean_first=False, cmake_force_configure=False, cmake_target=None, cmake_target_skip_unavailable=False, continue_on_error=False, event_handlers=None, executor='parallel', ignore_user_meta=False, install_base='install', log_base=None, log_level=None, main=<bound method BuildVerb.main of <colcon_core.verb.build.BuildVerb object at 0x7f3564402a30>>, merge_install=False, metas=['./colcon.meta'], mixin=None, mixin_files=None, mixin_verb=('build',), packages_above=None, packages_above_and_dependencies=None, packages_above_depth=None, packages_end=None, packages_ignore=None, packages_ignore_regex=None, packages_select=None, packages_select_build_failed=False, packages_select_by_dep=None, packages_select_regex=None, packages_select_test_failures=False, packages_skip=None, packages_skip_build_finished=False, packages_skip_by_dep=None, packages_skip_regex=None, packages_skip_test_passed=False, packages_skip_up_to=None, packages_start=None, packages_up_to=None, packages_up_to_regex=None, parallel_workers=8, paths=None, symlink_install=False, test_result_base=None, verb_extension=<colcon_core.verb.build.BuildVerb object at 0x7f3564402a30>, verb_name='build', verb_parser=<colcon_mixin.mixin.mixin_argument.MixinArgumentDecorator object at 0x7f3564402fd0>)
[0.204s] Level 1:colcon.colcon_core.package_discovery:discover_packages(colcon_meta) check parameters
[0.204s] Level 1:colcon.colcon_core.package_discovery:discover_packages(recursive) check parameters
[0.204s] Level 1:colcon.colcon_core.package_discovery:discover_packages(ignore) check parameters
[0.204s] Level 1:colcon.colcon_core.package_discovery:discover_packages(path) check parameters
[0.204s] Level 1:colcon.colcon_core.package_discovery:discover_packages(colcon_meta) discover
[0.204s] Level 1:colcon.colcon_core.package_discovery:discover_packages(recursive) discover
[0.204s] INFO:colcon.colcon_core.package_discovery:Crawling recursively for packages in '/home/hemant/ros2_ws'
[0.204s] Level 1:colcon.colcon_core.package_identification:_identify(.) by extensions ['ignore', 'ignore_ament_install']
[0.204s] Level 1:colcon.colcon_core.package_identification:_identify(.) by extension 'ignore'
[0.204s] Level 1:colcon.colcon_core.package_identification:_identify(.) by extension 'ignore_ament_install'
[0.204s] Level 1:colcon.colcon_core.package_identification:_identify(.) by extensions ['colcon_pkg']
[0.204s] Level 1:colcon.colcon_core.package_identification:_identify(.) by extension 'colcon_pkg'
[0.204s] Level 1:colcon.colcon_core.package_identification:_identify(.) by extensions ['colcon_meta']
[0.204s] Level 1:colcon.colcon_core.package_identification:_identify(.) by extension 'colcon_meta'
[0.204s] Level 1:colcon.colcon_core.package_identification:_identify(.) by extensions ['ros']
[0.204s] Level 1:colcon.colcon_core.package_identification:_identify(.) by extension 'ros'
[0.211s] Level 1:colcon.colcon_core.package_identification:_identify(.) by extensions ['cmake', 'python']
[0.211s] Level 1:colcon.colcon_core.package_identification:_identify(.) by extension 'cmake'
[0.211s] Level 1:colcon.colcon_core.package_identification:_identify(.) by extension 'python'
[0.211s] Level 1:colcon.colcon_core.package_identification:_identify(.) by extensions ['python_setup_py']
[0.211s] Level 1:colcon.colcon_core.package_identification:_identify(.) by extension 'python_setup_py'
[0.211s] Level 1:colcon.colcon_core.package_identification:_identify(build) by extensions ['ignore', 'ignore_ament_install']
[0.211s] Level 1:colcon.colcon_core.package_identification:_identify(build) by extension 'ignore'
[0.212s] Level 1:colcon.colcon_core.package_identification:_identify(build) ignored
[0.212s] Level 1:colcon.colcon_core.package_identification:_identify(install) by extensions ['ignore', 'ignore_ament_install']
[0.212s] Level 1:colcon.colcon_core.package_identification:_identify(install) by extension 'ignore'
[0.212s] Level 1:colcon.colcon_core.package_identification:_identify(install) ignored
[0.212s] Level 1:colcon.colcon_core.package_identification:_identify(log) by extensions ['ignore', 'ignore_ament_install']
[0.212s] Level 1:colcon.colcon_core.package_identification:_identify(log) by extension 'ignore'
[0.212s] Level 1:colcon.colcon_core.package_identification:_identify(log) ignored
[0.212s] Level 1:colcon.colcon_core.package_identification:_identify(src) by extensions ['ignore', 'ignore_ament_install']
[0.212s] Level 1:colcon.colcon_core.package_identification:_identify(src) by extension 'ignore'
[0.212s] Level 1:colcon.colcon_core.package_identification:_identify(src) by extension 'ignore_ament_install'
[0.212s] Level 1:colcon.colcon_core.package_identification:_identify(src) by extensions ['colcon_pkg']
[0.212s] Level 1:colcon.colcon_core.package_identification:_identify(src) by extension 'colcon_pkg'
[0.212s] Level 1:colcon.colcon_core.package_identification:_identify(src) by extensions ['colcon_meta']
[0.212s] Level 1:colcon.colcon_core.package_identification:_identify(src) by extension 'colcon_meta'
[0.212s] Level 1:colcon.colcon_core.package_identification:_identify(src) by extensions ['ros']
[0.212s] Level 1:colcon.colcon_core.package_identification:_identify(src) by extension 'ros'
[0.212s] Level 1:colcon.colcon_core.package_identification:_identify(src) by extensions ['cmake', 'python']
[0.212s] Level 1:colcon.colcon_core.package_identification:_identify(src) by extension 'cmake'
[0.212s] Level 1:colcon.colcon_core.package_identification:_identify(src) by extension 'python'
[0.212s] Level 1:colcon.colcon_core.package_identification:_identify(src) by extensions ['python_setup_py']
[0.212s] Level 1:colcon.colcon_core.package_identification:_identify(src) by extension 'python_setup_py'
[0.212s] Level 1:colcon.colcon_core.package_identification:_identify(src/basic) by extensions ['ignore', 'ignore_ament_install']
[0.212s] Level 1:colcon.colcon_core.package_identification:_identify(src/basic) by extension 'ignore'
[0.212s] Level 1:colcon.colcon_core.package_identification:_identify(src/basic) by extension 'ignore_ament_install'
[0.212s] Level 1:colcon.colcon_core.package_identification:_identify(src/basic) by extensions ['colcon_pkg']
[0.212s] Level 1:colcon.colcon_core.package_identification:_identify(src/basic) by extension 'colcon_pkg'
[0.212s] Level 1:colcon.colcon_core.package_identification:_identify(src/basic) by extensions ['colcon_meta']
[0.212s] Level 1:colcon.colcon_core.package_identification:_identify(src/basic) by extension 'colcon_meta'
[0.212s] Level 1:colcon.colcon_core.package_identification:_identify(src/basic) by extensions ['ros']
[0.212s] Level 1:colcon.colcon_core.package_identification:_identify(src/basic) by extension 'ros'
[0.214s] DEBUG:colcon.colcon_core.package_identification:Package 'src/basic' with type 'ros.ament_python' and name 'basic'
[0.214s] Level 1:colcon.colcon_core.package_identification:_identify(src/basic_mobile_robot) by extensions ['ignore', 'ignore_ament_install']
[0.214s] Level 1:colcon.colcon_core.package_identification:_identify(src/basic_mobile_robot) by extension 'ignore'
[0.214s] Level 1:colcon.colcon_core.package_identification:_identify(src/basic_mobile_robot) by extension 'ignore_ament_install'
[0.214s] Level 1:colcon.colcon_core.package_identification:_identify(src/basic_mobile_robot) by extensions ['colcon_pkg']
[0.214s] Level 1:colcon.colcon_core.package_identification:_identify(src/basic_mobile_robot) by extension 'colcon_pkg'
[0.214s] Level 1:colcon.colcon_core.package_identification:_identify(src/basic_mobile_robot) by extensions ['colcon_meta']
[0.214s] Level 1:colcon.colcon_core.package_identification:_identify(src/basic_mobile_robot) by extension 'colcon_meta'
[0.214s] Level 1:colcon.colcon_core.package_identification:_identify(src/basic_mobile_robot) by extensions ['ros']
[0.214s] Level 1:colcon.colcon_core.package_identification:_identify(src/basic_mobile_robot) by extension 'ros'
[0.215s] DEBUG:colcon.colcon_core.package_identification:Package 'src/basic_mobile_robot' with type 'ros.ament_cmake' and name 'basic_mobile_robot'
[0.215s] Level 1:colcon.colcon_core.package_identification:_identify(src/follower) by extensions ['ignore', 'ignore_ament_install']
[0.215s] Level 1:colcon.colcon_core.package_identification:_identify(src/follower) by extension 'ignore'
[0.215s] Level 1:colcon.colcon_core.package_identification:_identify(src/follower) by extension 'ignore_ament_install'
[0.215s] Level 1:colcon.colcon_core.package_identification:_identify(src/follower) by extensions ['colcon_pkg']
[0.215s] Level 1:colcon.colcon_core.package_identification:_identify(src/follower) by extension 'colcon_pkg'
[0.215s] Level 1:colcon.colcon_core.package_identification:_identify(src/follower) by extensions ['colcon_meta']
[0.215s] Level 1:colcon.colcon_core.package_identification:_identify(src/follower) by extension 'colcon_meta'
[0.215s] Level 1:colcon.colcon_core.package_identification:_identify(src/follower) by extensions ['ros']
[0.215s] Level 1:colcon.colcon_core.package_identification:_identify(src/follower) by extension 'ros'
[0.215s] DEBUG:colcon.colcon_core.package_identification:Package 'src/follower' with type 'ros.ament_python' and name 'follower'
[0.215s] Level 1:colcon.colcon_core.package_identification:_identify(src/two_wheeled_robot) by extensions ['ignore', 'ignore_ament_install']
[0.215s] Level 1:colcon.colcon_core.package_identification:_identify(src/two_wheeled_robot) by extension 'ignore'
[0.215s] Level 1:colcon.colcon_core.package_identification:_identify(src/two_wheeled_robot) by extension 'ignore_ament_install'
[0.215s] Level 1:colcon.colcon_core.package_identification:_identify(src/two_wheeled_robot) by extensions ['colcon_pkg']
[0.215s] Level 1:colcon.colcon_core.package_identification:_identify(src/two_wheeled_robot) by extension 'colcon_pkg'
[0.216s] Level 1:colcon.colcon_core.package_identification:_identify(src/two_wheeled_robot) by extensions ['colcon_meta']
[0.216s] Level 1:colcon.colcon_core.package_identification:_identify(src/two_wheeled_robot) by extension 'colcon_meta'
[0.216s] Level 1:colcon.colcon_core.package_identification:_identify(src/two_wheeled_robot) by extensions ['ros']
[0.216s] Level 1:colcon.colcon_core.package_identification:_identify(src/two_wheeled_robot) by extension 'ros'
[0.216s] DEBUG:colcon.colcon_core.package_identification:Package 'src/two_wheeled_robot' with type 'ros.ament_cmake' and name 'two_wheeled_robot'
[0.216s] Level 1:colcon.colcon_core.package_discovery:discover_packages(recursive) using defaults
[0.216s] Level 1:colcon.colcon_core.package_discovery:discover_packages(ignore) discover
[0.216s] Level 1:colcon.colcon_core.package_discovery:discover_packages(ignore) using defaults
[0.216s] Level 1:colcon.colcon_core.package_discovery:discover_packages(path) discover
[0.216s] Level 1:colcon.colcon_core.package_discovery:discover_packages(path) using defaults
[0.227s] Level 1:colcon.colcon_core.package_discovery:discover_packages(prefix_path) check parameters
[0.227s] Level 1:colcon.colcon_core.package_discovery:discover_packages(prefix_path) discover
[0.227s] WARNING:colcon.colcon_ros.prefix_path.ament:The path '/home/hemant/ros2_ws/install/follower' in the environment variable AMENT_PREFIX_PATH doesn't exist
[0.228s] WARNING:colcon.colcon_ros.prefix_path.ament:The path '/home/hemant/ros2_ws/install/basic_mobile_robot' in the environment variable AMENT_PREFIX_PATH doesn't exist
[0.228s] WARNING:colcon.colcon_ros.prefix_path.ament:The path '/home/hemant/ros2_ws/install/basic' in the environment variable AMENT_PREFIX_PATH doesn't exist
[0.228s] WARNING:colcon.colcon_ros.prefix_path.catkin:The path '/home/hemant/ros2_ws/install/basic_mobile_robot' in the environment variable CMAKE_PREFIX_PATH doesn't exist
[0.228s] DEBUG:colcon.colcon_installed_package_information.package_discovery:Found 0 installed packages in /home/hemant/ros2_ws/install
[0.229s] DEBUG:colcon.colcon_installed_package_information.package_discovery:Found 314 installed packages in /opt/ros/foxy
[0.230s] Level 1:colcon.colcon_core.package_discovery:discover_packages(prefix_path) using defaults
[0.279s] Level 5:colcon.colcon_core.verb:set package 'basic' build argument 'cmake_args' from command line to 'None'
[0.280s] Level 5:colcon.colcon_core.verb:set package 'basic' build argument 'cmake_target' from command line to 'None'
[0.280s] Level 5:colcon.colcon_core.verb:set package 'basic' build argument 'cmake_target_skip_unavailable' from command line to 'False'
[0.280s] Level 5:colcon.colcon_core.verb:set package 'basic' build argument 'cmake_clean_cache' from command line to 'False'
[0.280s] Level 5:colcon.colcon_core.verb:set package 'basic' build argument 'cmake_clean_first' from command line to 'False'
[0.280s] Level 5:colcon.colcon_core.verb:set package 'basic' build argument 'cmake_force_configure' from command line to 'False'
[0.280s] Level 5:colcon.colcon_core.verb:set package 'basic' build argument 'ament_cmake_args' from command line to 'None'
[0.280s] Level 5:colcon.colcon_core.verb:set package 'basic' build argument 'catkin_cmake_args' from command line to 'None'
[0.280s] Level 5:colcon.colcon_core.verb:set package 'basic' build argument 'catkin_skip_building_tests' from command line to 'False'
[0.280s] DEBUG:colcon.colcon_core.verb:Building package 'basic' with the following arguments: {'ament_cmake_args': None, 'build_base': '/home/hemant/ros2_ws/build/basic', 'catkin_cmake_args': None, 'catkin_skip_building_tests': False, 'cmake_args': None, 'cmake_clean_cache': False, 'cmake_clean_first': False, 'cmake_force_configure': False, 'cmake_target': None, 'cmake_target_skip_unavailable': False, 'install_base': '/home/hemant/ros2_ws/install/basic', 'merge_install': False, 'path': '/home/hemant/ros2_ws/src/basic', 'symlink_install': False, 'test_result_base': None}
[0.280s] Level 5:colcon.colcon_core.verb:set package 'basic_mobile_robot' build argument 'cmake_args' from command line to 'None'
[0.280s] Level 5:colcon.colcon_core.verb:set package 'basic_mobile_robot' build argument 'cmake_target' from command line to 'None'
[0.280s] Level 5:colcon.colcon_core.verb:set package 'basic_mobile_robot' build argument 'cmake_target_skip_unavailable' from command line to 'False'
[0.280s] Level 5:colcon.colcon_core.verb:set package 'basic_mobile_robot' build argument 'cmake_clean_cache' from command line to 'False'
[0.280s] Level 5:colcon.colcon_core.verb:set package 'basic_mobile_robot' build argument 'cmake_clean_first' from command line to 'False'
[0.280s] Level 5:colcon.colcon_core.verb:set package 'basic_mobile_robot' build argument 'cmake_force_configure' from command line to 'False'
[0.280s] Level 5:colcon.colcon_core.verb:set package 'basic_mobile_robot' build argument 'ament_cmake_args' from command line to 'None'
[0.280s] Level 5:colcon.colcon_core.verb:set package 'basic_mobile_robot' build argument 'catkin_cmake_args' from command line to 'None'
[0.280s] Level 5:colcon.colcon_core.verb:set package 'basic_mobile_robot' build argument 'catkin_skip_building_tests' from command line to 'False'
[0.280s] DEBUG:colcon.colcon_core.verb:Building package 'basic_mobile_robot' with the following arguments: {'ament_cmake_args': None, 'build_base': '/home/hemant/ros2_ws/build/basic_mobile_robot', 'catkin_cmake_args': None, 'catkin_skip_building_tests': False, 'cmake_args': None, 'cmake_clean_cache': False, 'cmake_clean_first': False, 'cmake_force_configure': False, 'cmake_target': None, 'cmake_target_skip_unavailable': False, 'install_base': '/home/hemant/ros2_ws/install/basic_mobile_robot', 'merge_install': False, 'path': '/home/hemant/ros2_ws/src/basic_mobile_robot', 'symlink_install': False, 'test_result_base': None}
[0.280s] Level 5:colcon.colcon_core.verb:set package 'follower' build argument 'cmake_args' from command line to 'None'
[0.280s] Level 5:colcon.colcon_core.verb:set package 'follower' build argument 'cmake_target' from command line to 'None'
[0.280s] Level 5:colcon.colcon_core.verb:set package 'follower' build argument 'cmake_target_skip_unavailable' from command line to 'False'
[0.280s] Level 5:colcon.colcon_core.verb:set package 'follower' build argument 'cmake_clean_cache' from command line to 'False'
[0.280s] Level 5:colcon.colcon_core.verb:set package 'follower' build argument 'cmake_clean_first' from command line to 'False'
[0.280s] Level 5:colcon.colcon_core.verb:set package 'follower' build argument 'cmake_force_configure' from command line to 'False'
[0.280s] Level 5:colcon.colcon_core.verb:set package 'follower' build argument 'ament_cmake_args' from command line to 'None'
[0.280s] Level 5:colcon.colcon_core.verb:set package 'follower' build argument 'catkin_cmake_args' from command line to 'None'
[0.280s] Level 5:colcon.colcon_core.verb:set package 'follower' build argument 'catkin_skip_building_tests' from command line to 'False'
[0.280s] DEBUG:colcon.colcon_core.verb:Building package 'follower' with the following arguments: {'ament_cmake_args': None, 'build_base': '/home/hemant/ros2_ws/build/follower', 'catkin_cmake_args': None, 'catkin_skip_building_tests': False, 'cmake_args': None, 'cmake_clean_cache': False, 'cmake_clean_first': False, 'cmake_force_configure': False, 'cmake_target': None, 'cmake_target_skip_unavailable': False, 'install_base': '/home/hemant/ros2_ws/install/follower', 'merge_install': False, 'path': '/home/hemant/ros2_ws/src/follower', 'symlink_install': False, 'test_result_base': None}
[0.281s] Level 5:colcon.colcon_core.verb:set package 'two_wheeled_robot' build argument 'cmake_args' from command line to 'None'
[0.281s] Level 5:colcon.colcon_core.verb:set package 'two_wheeled_robot' build argument 'cmake_target' from command line to 'None'
[0.281s] Level 5:colcon.colcon_core.verb:set package 'two_wheeled_robot' build argument 'cmake_target_skip_unavailable' from command line to 'False'
[0.281s] Level 5:colcon.colcon_core.verb:set package 'two_wheeled_robot' build argument 'cmake_clean_cache' from command line to 'False'
[0.281s] Level 5:colcon.colcon_core.verb:set package 'two_wheeled_robot' build argument 'cmake_clean_first' from command line to 'False'
[0.281s] Level 5:colcon.colcon_core.verb:set package 'two_wheeled_robot' build argument 'cmake_force_configure' from command line to 'False'
[0.281s] Level 5:colcon.colcon_core.verb:set package 'two_wheeled_robot' build argument 'ament_cmake_args' from command line to 'None'
[0.281s] Level 5:colcon.colcon_core.verb:set package 'two_wheeled_robot' build argument 'catkin_cmake_args' from command line to 'None'
[0.281s] Level 5:colcon.colcon_core.verb:set package 'two_wheeled_robot' build argument 'catkin_skip_building_tests' from command line to 'False'
[0.281s] DEBUG:colcon.colcon_core.verb:Building package 'two_wheeled_robot' with the following arguments: {'ament_cmake_args': None, 'build_base': '/home/hemant/ros2_ws/build/two_wheeled_robot', 'catkin_cmake_args': None, 'catkin_skip_building_tests': False, 'cmake_args': None, 'cmake_clean_cache': False, 'cmake_clean_first': False, 'cmake_force_configure': False, 'cmake_target': None, 'cmake_target_skip_unavailable': False, 'install_base': '/home/hemant/ros2_ws/install/two_wheeled_robot', 'merge_install': False, 'path': '/home/hemant/ros2_ws/src/two_wheeled_robot', 'symlink_install': False, 'test_result_base': None}
[0.281s] INFO:colcon.colcon_core.executor:Executing jobs using 'parallel' executor
[0.282s] DEBUG:colcon.colcon_parallel_executor.executor.parallel:run_until_complete
[0.282s] INFO:colcon.colcon_ros.task.ament_python.build:Building ROS package in '/home/hemant/ros2_ws/src/basic' with build type 'ament_python'
[0.282s] Level 1:colcon.colcon_core.shell:create_environment_hook('basic', 'ament_prefix_path')
[0.283s] INFO:colcon.colcon_core.plugin_system:Skipping extension 'colcon_core.shell.bat': Not used on non-Windows systems
[0.283s] INFO:colcon.colcon_core.shell:Creating environment hook '/home/hemant/ros2_ws/install/basic/share/basic/hook/ament_prefix_path.ps1'
[0.284s] INFO:colcon.colcon_core.shell:Creating environment descriptor '/home/hemant/ros2_ws/install/basic/share/basic/hook/ament_prefix_path.dsv'
[0.284s] INFO:colcon.colcon_core.shell:Creating environment hook '/home/hemant/ros2_ws/install/basic/share/basic/hook/ament_prefix_path.sh'
[0.284s] INFO:colcon.colcon_core.shell:Skip shell extension 'powershell' for command environment: Not usable outside of PowerShell
[0.284s] DEBUG:colcon.colcon_core.shell:Skip shell extension 'dsv' for command environment
[0.288s] INFO:colcon.colcon_ros.task.ament_cmake.build:Building ROS package in '/home/hemant/ros2_ws/src/basic_mobile_robot' with build type 'ament_cmake'
[0.289s] INFO:colcon.colcon_cmake.task.cmake.build:Building CMake package in '/home/hemant/ros2_ws/src/basic_mobile_robot'
[0.289s] INFO:colcon.colcon_core.shell:Skip shell extension 'powershell' for command environment: Not usable outside of PowerShell
[0.289s] DEBUG:colcon.colcon_core.shell:Skip shell extension 'dsv' for command environment
[0.293s] INFO:colcon.colcon_ros.task.ament_python.build:Building ROS package in '/home/hemant/ros2_ws/src/follower' with build type 'ament_python'
[0.293s] Level 1:colcon.colcon_core.shell:create_environment_hook('follower', 'ament_prefix_path')
[0.293s] INFO:colcon.colcon_core.shell:Creating environment hook '/home/hemant/ros2_ws/install/follower/share/follower/hook/ament_prefix_path.ps1'
[0.294s] INFO:colcon.colcon_core.shell:Creating environment descriptor '/home/hemant/ros2_ws/install/follower/share/follower/hook/ament_prefix_path.dsv'
[0.294s] INFO:colcon.colcon_core.shell:Creating environment hook '/home/hemant/ros2_ws/install/follower/share/follower/hook/ament_prefix_path.sh'
[0.295s] INFO:colcon.colcon_core.shell:Skip shell extension 'powershell' for command environment: Not usable outside of PowerShell
[0.295s] DEBUG:colcon.colcon_core.shell:Skip shell extension 'dsv' for command environment
[0.298s] INFO:colcon.colcon_ros.task.ament_cmake.build:Building ROS package in '/home/hemant/ros2_ws/src/two_wheeled_robot' with build type 'ament_cmake'
[0.298s] INFO:colcon.colcon_cmake.task.cmake.build:Building CMake package in '/home/hemant/ros2_ws/src/two_wheeled_robot'
[0.299s] INFO:colcon.colcon_core.shell:Skip shell extension 'powershell' for command environment: Not usable outside of PowerShell
[0.299s] DEBUG:colcon.colcon_core.shell:Skip shell extension 'dsv' for command environment
[0.440s] INFO:colcon.colcon_core.task.python.build:Building Python package in '/home/hemant/ros2_ws/src/basic'
[0.440s] INFO:colcon.colcon_core.shell:Skip shell extension 'powershell' for command environment: Not usable outside of PowerShell
[0.440s] DEBUG:colcon.colcon_core.shell:Skip shell extension 'dsv' for command environment
[0.447s] DEBUG:colcon.colcon_core.event_handler.log_command:Invoking command in '/home/hemant/ros2_ws/build/basic_mobile_robot': CMAKE_PREFIX_PATH=${CMAKE_PREFIX_PATH}:/home/hemant/ros2_ws/install/follower:/home/hemant/ros2_ws/install/basic:/opt/ros/foxy /usr/bin/cmake /home/hemant/ros2_ws/src/basic_mobile_robot -DCMAKE_INSTALL_PREFIX=/home/hemant/ros2_ws/install/basic_mobile_robot
[0.604s] INFO:colcon.colcon_core.task.python.build:Building Python package in '/home/hemant/ros2_ws/src/follower'
[0.605s] INFO:colcon.colcon_core.shell:Skip shell extension 'powershell' for command environment: Not usable outside of PowerShell
[0.605s] DEBUG:colcon.colcon_core.shell:Skip shell extension 'dsv' for command environment
[0.613s] DEBUG:colcon.colcon_core.event_handler.log_command:Invoking command in '/home/hemant/ros2_ws/build/two_wheeled_robot': CMAKE_PREFIX_PATH=${CMAKE_PREFIX_PATH}:/home/hemant/ros2_ws/install/follower:/home/hemant/ros2_ws/install/basic:/opt/ros/foxy /usr/bin/cmake /home/hemant/ros2_ws/src/two_wheeled_robot -DCMAKE_INSTALL_PREFIX=/home/hemant/ros2_ws/install/two_wheeled_robot
[0.956s] DEBUG:colcon.colcon_core.event_handler.log_command:Invoking command in '/home/hemant/ros2_ws/src/basic': PYTHONPATH=/home/hemant/ros2_ws/build/basic/prefix_override:/usr/lib/python3/dist-packages/colcon_core/task/python/colcon_distutils_commands:/home/hemant/ros2_ws/install/basic/lib/python3.8/site-packages:${PYTHONPATH} /usr/bin/python3 -W ignore:setup.py install is deprecated setup.py egg_info --egg-base ../../build/basic build --build-base /home/hemant/ros2_ws/build/basic/build install --record /home/hemant/ros2_ws/build/basic/install.log --install-scripts $base/lib/basic --single-version-externally-managed install_data
[0.982s] DEBUG:colcon.colcon_core.event_handler.log_command:Invoking command in '/home/hemant/ros2_ws/src/follower': PYTHONPATH=/home/hemant/ros2_ws/build/follower/prefix_override:/usr/lib/python3/dist-packages/colcon_core/task/python/colcon_distutils_commands:/home/hemant/ros2_ws/install/follower/lib/python3.8/site-packages:${PYTHONPATH} /usr/bin/python3 -W ignore:setup.py install is deprecated setup.py egg_info --egg-base ../../build/follower build --build-base /home/hemant/ros2_ws/build/follower/build install --record /home/hemant/ros2_ws/build/follower/install.log --install-scripts $base/lib/follower --single-version-externally-managed install_data
[1.063s] DEBUG:colcon.colcon_core.event_handler.log_command:Invoked command in '/home/hemant/ros2_ws/build/basic_mobile_robot' returned '0': CMAKE_PREFIX_PATH=${CMAKE_PREFIX_PATH}:/home/hemant/ros2_ws/install/follower:/home/hemant/ros2_ws/install/basic:/opt/ros/foxy /usr/bin/cmake /home/hemant/ros2_ws/src/basic_mobile_robot -DCMAKE_INSTALL_PREFIX=/home/hemant/ros2_ws/install/basic_mobile_robot
[1.066s] DEBUG:colcon.colcon_core.event_handler.log_command:Invoking command in '/home/hemant/ros2_ws/build/basic_mobile_robot': CMAKE_PREFIX_PATH=${CMAKE_PREFIX_PATH}:/home/hemant/ros2_ws/install/follower:/home/hemant/ros2_ws/install/basic:/opt/ros/foxy /usr/bin/cmake --build /home/hemant/ros2_ws/build/basic_mobile_robot -- -j8 -l8
[1.096s] DEBUG:colcon.colcon_core.event_handler.log_command:Invoked command in '/home/hemant/ros2_ws/build/basic_mobile_robot' returned '0': CMAKE_PREFIX_PATH=${CMAKE_PREFIX_PATH}:/home/hemant/ros2_ws/install/follower:/home/hemant/ros2_ws/install/basic:/opt/ros/foxy /usr/bin/cmake --build /home/hemant/ros2_ws/build/basic_mobile_robot -- -j8 -l8
[1.123s] DEBUG:colcon.colcon_core.event_handler.log_command:Invoking command in '/home/hemant/ros2_ws/build/basic_mobile_robot': CMAKE_PREFIX_PATH=${CMAKE_PREFIX_PATH}:/home/hemant/ros2_ws/install/follower:/home/hemant/ros2_ws/install/basic:/opt/ros/foxy /usr/bin/cmake --install /home/hemant/ros2_ws/build/basic_mobile_robot
[1.136s] Level 1:colcon.colcon_core.environment:create_environment_scripts_only(basic_mobile_robot)
[1.137s] DEBUG:colcon.colcon_core.event_handler.log_command:Invoked command in '/home/hemant/ros2_ws/build/basic_mobile_robot' returned '0': CMAKE_PREFIX_PATH=${CMAKE_PREFIX_PATH}:/home/hemant/ros2_ws/install/follower:/home/hemant/ros2_ws/install/basic:/opt/ros/foxy /usr/bin/cmake --install /home/hemant/ros2_ws/build/basic_mobile_robot
[1.139s] Level 1:colcon.colcon_core.environment:checking '/home/hemant/ros2_ws/install/basic_mobile_robot' for CMake module files
[1.140s] Level 1:colcon.colcon_core.environment:checking '/home/hemant/ros2_ws/install/basic_mobile_robot' for CMake config files
[1.140s] Level 1:colcon.colcon_core.shell:create_environment_hook('basic_mobile_robot', 'cmake_prefix_path')
[1.141s] INFO:colcon.colcon_core.shell:Creating environment hook '/home/hemant/ros2_ws/install/basic_mobile_robot/share/basic_mobile_robot/hook/cmake_prefix_path.ps1'
[1.141s] INFO:colcon.colcon_core.shell:Creating environment descriptor '/home/hemant/ros2_ws/install/basic_mobile_robot/share/basic_mobile_robot/hook/cmake_prefix_path.dsv'
[1.141s] INFO:colcon.colcon_core.shell:Creating environment hook '/home/hemant/ros2_ws/install/basic_mobile_robot/share/basic_mobile_robot/hook/cmake_prefix_path.sh'
[1.142s] Level 1:colcon.colcon_core.environment:checking '/home/hemant/ros2_ws/install/basic_mobile_robot/bin'
[1.142s] Level 1:colcon.colcon_core.environment:checking '/home/hemant/ros2_ws/install/basic_mobile_robot/lib/pkgconfig/basic_mobile_robot.pc'
[1.143s] Level 1:colcon.colcon_core.environment:checking '/home/hemant/ros2_ws/install/basic_mobile_robot/lib/python3.8/site-packages'
[1.143s] Level 1:colcon.colcon_core.environment:checking '/home/hemant/ros2_ws/install/basic_mobile_robot/bin'
[1.143s] INFO:colcon.colcon_core.shell:Creating package script '/home/hemant/ros2_ws/install/basic_mobile_robot/share/basic_mobile_robot/package.ps1'
[1.144s] INFO:colcon.colcon_core.shell:Creating package descriptor '/home/hemant/ros2_ws/install/basic_mobile_robot/share/basic_mobile_robot/package.dsv'
[1.145s] INFO:colcon.colcon_core.shell:Creating package script '/home/hemant/ros2_ws/install/basic_mobile_robot/share/basic_mobile_robot/package.sh'
[1.145s] INFO:colcon.colcon_core.shell:Creating package script '/home/hemant/ros2_ws/install/basic_mobile_robot/share/basic_mobile_robot/package.bash'
[1.146s] INFO:colcon.colcon_core.shell:Creating package script '/home/hemant/ros2_ws/install/basic_mobile_robot/share/basic_mobile_robot/package.zsh'
[1.147s] Level 1:colcon.colcon_core.environment:create_file_with_runtime_dependencies(/home/hemant/ros2_ws/install/basic_mobile_robot/share/colcon-core/packages/basic_mobile_robot)
[1.163s] Level 1:colcon.colcon_core.environment:create_environment_scripts_only(basic_mobile_robot)
[1.163s] Level 1:colcon.colcon_core.environment:checking '/home/hemant/ros2_ws/install/basic_mobile_robot' for CMake module files
[1.165s] Level 1:colcon.colcon_core.environment:checking '/home/hemant/ros2_ws/install/basic_mobile_robot' for CMake config files
[1.165s] Level 1:colcon.colcon_core.shell:create_environment_hook('basic_mobile_robot', 'cmake_prefix_path')
[1.166s] INFO:colcon.colcon_core.shell:Creating environment hook '/home/hemant/ros2_ws/install/basic_mobile_robot/share/basic_mobile_robot/hook/cmake_prefix_path.ps1'
[1.167s] INFO:colcon.colcon_core.shell:Creating environment descriptor '/home/hemant/ros2_ws/install/basic_mobile_robot/share/basic_mobile_robot/hook/cmake_prefix_path.dsv'
[1.167s] INFO:colcon.colcon_core.shell:Creating environment hook '/home/hemant/ros2_ws/install/basic_mobile_robot/share/basic_mobile_robot/hook/cmake_prefix_path.sh'
[1.168s] Level 1:colcon.colcon_core.environment:checking '/home/hemant/ros2_ws/install/basic_mobile_robot/bin'
[1.168s] Level 1:colcon.colcon_core.environment:checking '/home/hemant/ros2_ws/install/basic_mobile_robot/lib/pkgconfig/basic_mobile_robot.pc'
[1.168s] Level 1:colcon.colcon_core.environment:checking '/home/hemant/ros2_ws/install/basic_mobile_robot/lib/python3.8/site-packages'
[1.168s] Level 1:colcon.colcon_core.environment:checking '/home/hemant/ros2_ws/install/basic_mobile_robot/bin'
[1.169s] INFO:colcon.colcon_core.shell:Creating package script '/home/hemant/ros2_ws/install/basic_mobile_robot/share/basic_mobile_robot/package.ps1'
[1.171s] INFO:colcon.colcon_core.shell:Creating package descriptor '/home/hemant/ros2_ws/install/basic_mobile_robot/share/basic_mobile_robot/package.dsv'
[1.171s] INFO:colcon.colcon_core.shell:Creating package script '/home/hemant/ros2_ws/install/basic_mobile_robot/share/basic_mobile_robot/package.sh'
[1.173s] INFO:colcon.colcon_core.shell:Creating package script '/home/hemant/ros2_ws/install/basic_mobile_robot/share/basic_mobile_robot/package.bash'
[1.173s] INFO:colcon.colcon_core.shell:Creating package script '/home/hemant/ros2_ws/install/basic_mobile_robot/share/basic_mobile_robot/package.zsh'
[1.174s] Level 1:colcon.colcon_core.environment:create_file_with_runtime_dependencies(/home/hemant/ros2_ws/install/basic_mobile_robot/share/colcon-core/packages/basic_mobile_robot)
[1.219s] Level 1:colcon.colcon_core.environment:checking '/home/hemant/ros2_ws/install/basic' for CMake module files
[1.220s] DEBUG:colcon.colcon_core.event_handler.log_command:Invoked command in '/home/hemant/ros2_ws/src/basic' returned '0': PYTHONPATH=/home/hemant/ros2_ws/build/basic/prefix_override:/usr/lib/python3/dist-packages/colcon_core/task/python/colcon_distutils_commands:/home/hemant/ros2_ws/install/basic/lib/python3.8/site-packages:${PYTHONPATH} /usr/bin/python3 -W ignore:setup.py install is deprecated setup.py egg_info --egg-base ../../build/basic build --build-base /home/hemant/ros2_ws/build/basic/build install --record /home/hemant/ros2_ws/build/basic/install.log --install-scripts $base/lib/basic --single-version-externally-managed install_data
[1.220s] Level 1:colcon.colcon_core.environment:checking '/home/hemant/ros2_ws/install/basic' for CMake config files
[1.220s] Level 1:colcon.colcon_core.environment:checking '/home/hemant/ros2_ws/install/basic/lib'
[1.221s] Level 1:colcon.colcon_core.environment:checking '/home/hemant/ros2_ws/install/basic/bin'
[1.221s] Level 1:colcon.colcon_core.environment:checking '/home/hemant/ros2_ws/install/basic/lib/pkgconfig/basic.pc'
[1.221s] Level 1:colcon.colcon_core.environment:checking '/home/hemant/ros2_ws/install/basic/lib/python3.8/site-packages'
[1.221s] Level 1:colcon.colcon_core.shell:create_environment_hook('basic', 'pythonpath')
[1.221s] INFO:colcon.colcon_core.shell:Creating environment hook '/home/hemant/ros2_ws/install/basic/share/basic/hook/pythonpath.ps1'
[1.222s] INFO:colcon.colcon_core.shell:Creating environment descriptor '/home/hemant/ros2_ws/install/basic/share/basic/hook/pythonpath.dsv'
[1.222s] INFO:colcon.colcon_core.shell:Creating environment hook '/home/hemant/ros2_ws/install/basic/share/basic/hook/pythonpath.sh'
[1.223s] Level 1:colcon.colcon_core.environment:checking '/home/hemant/ros2_ws/install/basic/bin'
[1.223s] Level 1:colcon.colcon_core.environment:create_environment_scripts_only(basic)
[1.224s] INFO:colcon.colcon_core.shell:Creating package script '/home/hemant/ros2_ws/install/basic/share/basic/package.ps1'
[1.224s] INFO:colcon.colcon_core.shell:Creating package descriptor '/home/hemant/ros2_ws/install/basic/share/basic/package.dsv'
[1.225s] INFO:colcon.colcon_core.shell:Creating package script '/home/hemant/ros2_ws/install/basic/share/basic/package.sh'
[1.225s] INFO:colcon.colcon_core.shell:Creating package script '/home/hemant/ros2_ws/install/basic/share/basic/package.bash'
[1.226s] INFO:colcon.colcon_core.shell:Creating package script '/home/hemant/ros2_ws/install/basic/share/basic/package.zsh'
[1.226s] Level 1:colcon.colcon_core.environment:create_file_with_runtime_dependencies(/home/hemant/ros2_ws/install/basic/share/colcon-core/packages/basic)
[1.246s] Level 1:colcon.colcon_core.environment:checking '/home/hemant/ros2_ws/install/follower' for CMake module files
[1.247s] DEBUG:colcon.colcon_core.event_handler.log_command:Invoked command in '/home/hemant/ros2_ws/src/follower' returned '0': PYTHONPATH=/home/hemant/ros2_ws/build/follower/prefix_override:/usr/lib/python3/dist-packages/colcon_core/task/python/colcon_distutils_commands:/home/hemant/ros2_ws/install/follower/lib/python3.8/site-packages:${PYTHONPATH} /usr/bin/python3 -W ignore:setup.py install is deprecated setup.py egg_info --egg-base ../../build/follower build --build-base /home/hemant/ros2_ws/build/follower/build install --record /home/hemant/ros2_ws/build/follower/install.log --install-scripts $base/lib/follower --single-version-externally-managed install_data
[1.247s] Level 1:colcon.colcon_core.environment:checking '/home/hemant/ros2_ws/install/follower' for CMake config files
[1.248s] Level 1:colcon.colcon_core.environment:checking '/home/hemant/ros2_ws/install/follower/lib'
[1.248s] Level 1:colcon.colcon_core.environment:checking '/home/hemant/ros2_ws/install/follower/bin'
[1.248s] Level 1:colcon.colcon_core.environment:checking '/home/hemant/ros2_ws/install/follower/lib/pkgconfig/follower.pc'
[1.248s] Level 1:colcon.colcon_core.environment:checking '/home/hemant/ros2_ws/install/follower/lib/python3.8/site-packages'
[1.248s] Level 1:colcon.colcon_core.shell:create_environment_hook('follower', 'pythonpath')
[1.249s] INFO:colcon.colcon_core.shell:Creating environment hook '/home/hemant/ros2_ws/install/follower/share/follower/hook/pythonpath.ps1'
[1.249s] INFO:colcon.colcon_core.shell:Creating environment descriptor '/home/hemant/ros2_ws/install/follower/share/follower/hook/pythonpath.dsv'
[1.249s] INFO:colcon.colcon_core.shell:Creating environment hook '/home/hemant/ros2_ws/install/follower/share/follower/hook/pythonpath.sh'
[1.250s] Level 1:colcon.colcon_core.environment:checking '/home/hemant/ros2_ws/install/follower/bin'
[1.250s] Level 1:colcon.colcon_core.environment:create_environment_scripts_only(follower)
[1.250s] INFO:colcon.colcon_core.shell:Creating package script '/home/hemant/ros2_ws/install/follower/share/follower/package.ps1'
[1.250s] INFO:colcon.colcon_core.shell:Creating package descriptor '/home/hemant/ros2_ws/install/follower/share/follower/package.dsv'
[1.251s] INFO:colcon.colcon_core.shell:Creating package script '/home/hemant/ros2_ws/install/follower/share/follower/package.sh'
[1.251s] INFO:colcon.colcon_core.shell:Creating package script '/home/hemant/ros2_ws/install/follower/share/follower/package.bash'
[1.251s] INFO:colcon.colcon_core.shell:Creating package script '/home/hemant/ros2_ws/install/follower/share/follower/package.zsh'
[1.251s] Level 1:colcon.colcon_core.environment:create_file_with_runtime_dependencies(/home/hemant/ros2_ws/install/follower/share/colcon-core/packages/follower)
[1.806s] DEBUG:colcon.colcon_core.event_handler.log_command:Invoked command in '/home/hemant/ros2_ws/build/two_wheeled_robot' returned '0': CMAKE_PREFIX_PATH=${CMAKE_PREFIX_PATH}:/home/hemant/ros2_ws/install/follower:/home/hemant/ros2_ws/install/basic:/opt/ros/foxy /usr/bin/cmake /home/hemant/ros2_ws/src/two_wheeled_robot -DCMAKE_INSTALL_PREFIX=/home/hemant/ros2_ws/install/two_wheeled_robot
[1.807s] DEBUG:colcon.colcon_core.event_handler.log_command:Invoking command in '/home/hemant/ros2_ws/build/two_wheeled_robot': CMAKE_PREFIX_PATH=${CMAKE_PREFIX_PATH}:/home/hemant/ros2_ws/install/follower:/home/hemant/ros2_ws/install/basic:/opt/ros/foxy /usr/bin/cmake --build /home/hemant/ros2_ws/build/two_wheeled_robot -- -j8 -l8
[1.839s] DEBUG:colcon.colcon_core.event_handler.log_command:Invoked command in '/home/hemant/ros2_ws/build/two_wheeled_robot' returned '0': CMAKE_PREFIX_PATH=${CMAKE_PREFIX_PATH}:/home/hemant/ros2_ws/install/follower:/home/hemant/ros2_ws/install/basic:/opt/ros/foxy /usr/bin/cmake --build /home/hemant/ros2_ws/build/two_wheeled_robot -- -j8 -l8
[1.864s] DEBUG:colcon.colcon_core.event_handler.log_command:Invoking command in '/home/hemant/ros2_ws/build/two_wheeled_robot': CMAKE_PREFIX_PATH=${CMAKE_PREFIX_PATH}:/home/hemant/ros2_ws/install/follower:/home/hemant/ros2_ws/install/basic:/opt/ros/foxy /usr/bin/cmake --install /home/hemant/ros2_ws/build/two_wheeled_robot
[1.877s] Level 1:colcon.colcon_core.environment:create_environment_scripts_only(two_wheeled_robot)
[1.878s] Level 1:colcon.colcon_core.environment:checking '/home/hemant/ros2_ws/install/two_wheeled_robot' for CMake module files
[1.878s] DEBUG:colcon.colcon_core.event_handler.log_command:Invoked command in '/home/hemant/ros2_ws/build/two_wheeled_robot' returned '0': CMAKE_PREFIX_PATH=${CMAKE_PREFIX_PATH}:/home/hemant/ros2_ws/install/follower:/home/hemant/ros2_ws/install/basic:/opt/ros/foxy /usr/bin/cmake --install /home/hemant/ros2_ws/build/two_wheeled_robot
[1.878s] Level 1:colcon.colcon_core.environment:checking '/home/hemant/ros2_ws/install/two_wheeled_robot' for CMake config files
[1.878s] Level 1:colcon.colcon_core.shell:create_environment_hook('two_wheeled_robot', 'cmake_prefix_path')
[1.879s] INFO:colcon.colcon_core.shell:Creating environment hook '/home/hemant/ros2_ws/install/two_wheeled_robot/share/two_wheeled_robot/hook/cmake_prefix_path.ps1'
[1.879s] INFO:colcon.colcon_core.shell:Creating environment descriptor '/home/hemant/ros2_ws/install/two_wheeled_robot/share/two_wheeled_robot/hook/cmake_prefix_path.dsv'
[1.879s] INFO:colcon.colcon_core.shell:Creating environment hook '/home/hemant/ros2_ws/install/two_wheeled_robot/share/two_wheeled_robot/hook/cmake_prefix_path.sh'
[1.880s] Level 1:colcon.colcon_core.environment:checking '/home/hemant/ros2_ws/install/two_wheeled_robot/bin'
[1.880s] Level 1:colcon.colcon_core.environment:checking '/home/hemant/ros2_ws/install/two_wheeled_robot/lib/pkgconfig/two_wheeled_robot.pc'
[1.880s] Level 1:colcon.colcon_core.environment:checking '/home/hemant/ros2_ws/install/two_wheeled_robot/lib/python3.8/site-packages'
[1.880s] Level 1:colcon.colcon_core.environment:checking '/home/hemant/ros2_ws/install/two_wheeled_robot/bin'
[1.880s] INFO:colcon.colcon_core.shell:Creating package script '/home/hemant/ros2_ws/install/two_wheeled_robot/share/two_wheeled_robot/package.ps1'
[1.881s] INFO:colcon.colcon_core.shell:Creating package descriptor '/home/hemant/ros2_ws/install/two_wheeled_robot/share/two_wheeled_robot/package.dsv'
[1.881s] INFO:colcon.colcon_core.shell:Creating package script '/home/hemant/ros2_ws/install/two_wheeled_robot/share/two_wheeled_robot/package.sh'
[1.881s] INFO:colcon.colcon_core.shell:Creating package script '/home/hemant/ros2_ws/install/two_wheeled_robot/share/two_wheeled_robot/package.bash'
[1.881s] INFO:colcon.colcon_core.shell:Creating package script '/home/hemant/ros2_ws/install/two_wheeled_robot/share/two_wheeled_robot/package.zsh'
[1.882s] Level 1:colcon.colcon_core.environment:create_file_with_runtime_dependencies(/home/hemant/ros2_ws/install/two_wheeled_robot/share/colcon-core/packages/two_wheeled_robot)
[1.900s] Level 1:colcon.colcon_core.environment:create_environment_scripts_only(two_wheeled_robot)
[1.900s] Level 1:colcon.colcon_core.environment:checking '/home/hemant/ros2_ws/install/two_wheeled_robot' for CMake module files
[1.901s] Level 1:colcon.colcon_core.environment:checking '/home/hemant/ros2_ws/install/two_wheeled_robot' for CMake config files
[1.901s] Level 1:colcon.colcon_core.shell:create_environment_hook('two_wheeled_robot', 'cmake_prefix_path')
[1.901s] INFO:colcon.colcon_core.shell:Creating environment hook '/home/hemant/ros2_ws/install/two_wheeled_robot/share/two_wheeled_robot/hook/cmake_prefix_path.ps1'
[1.902s] INFO:colcon.colcon_core.shell:Creating environment descriptor '/home/hemant/ros2_ws/install/two_wheeled_robot/share/two_wheeled_robot/hook/cmake_prefix_path.dsv'
[1.902s] INFO:colcon.colcon_core.shell:Creating environment hook '/home/hemant/ros2_ws/install/two_wheeled_robot/share/two_wheeled_robot/hook/cmake_prefix_path.sh'
[1.902s] Level 1:colcon.colcon_core.environment:checking '/home/hemant/ros2_ws/install/two_wheeled_robot/bin'
[1.902s] Level 1:colcon.colcon_core.environment:checking '/home/hemant/ros2_ws/install/two_wheeled_robot/lib/pkgconfig/two_wheeled_robot.pc'
[1.903s] Level 1:colcon.colcon_core.environment:checking '/home/hemant/ros2_ws/install/two_wheeled_robot/lib/python3.8/site-packages'
[1.903s] Level 1:colcon.colcon_core.environment:checking '/home/hemant/ros2_ws/install/two_wheeled_robot/bin'
[1.903s] INFO:colcon.colcon_core.shell:Creating package script '/home/hemant/ros2_ws/install/two_wheeled_robot/share/two_wheeled_robot/package.ps1'
[1.903s] INFO:colcon.colcon_core.shell:Creating package descriptor '/home/hemant/ros2_ws/install/two_wheeled_robot/share/two_wheeled_robot/package.dsv'
[1.904s] INFO:colcon.colcon_core.shell:Creating package script '/home/hemant/ros2_ws/install/two_wheeled_robot/share/two_wheeled_robot/package.sh'
[1.904s] INFO:colcon.colcon_core.shell:Creating package script '/home/hemant/ros2_ws/install/two_wheeled_robot/share/two_wheeled_robot/package.bash'
[1.904s] INFO:colcon.colcon_core.shell:Creating package script '/home/hemant/ros2_ws/install/two_wheeled_robot/share/two_wheeled_robot/package.zsh'
[1.905s] Level 1:colcon.colcon_core.environment:create_file_with_runtime_dependencies(/home/hemant/ros2_ws/install/two_wheeled_robot/share/colcon-core/packages/two_wheeled_robot)
[1.905s] DEBUG:colcon.colcon_parallel_executor.executor.parallel:closing loop
[1.905s] DEBUG:colcon.colcon_parallel_executor.executor.parallel:loop closed
[1.905s] DEBUG:colcon.colcon_parallel_executor.executor.parallel:run_until_complete finished with '0'
[1.905s] DEBUG:colcon.colcon_core.event_reactor:joining thread
[1.914s] INFO:colcon.colcon_core.plugin_system:Skipping extension 'colcon_notification.desktop_notification.terminal_notifier': Not used on non-Darwin systems
[1.914s] INFO:colcon.colcon_core.plugin_system:Skipping extension 'colcon_notification.desktop_notification.win32': Not used on non-Windows systems
[1.914s] INFO:colcon.colcon_notification.desktop_notification:Sending desktop notification using 'notify2'
[1.932s] DEBUG:colcon.colcon_core.event_reactor:joined thread
[1.932s] INFO:colcon.colcon_core.shell:Creating prefix script '/home/hemant/ros2_ws/install/local_setup.ps1'
[1.934s] INFO:colcon.colcon_core.shell:Creating prefix util module '/home/hemant/ros2_ws/install/_local_setup_util_ps1.py'
[1.935s] INFO:colcon.colcon_core.shell:Creating prefix chain script '/home/hemant/ros2_ws/install/setup.ps1'
[1.936s] INFO:colcon.colcon_core.shell:Creating prefix script '/home/hemant/ros2_ws/install/local_setup.sh'
[1.936s] INFO:colcon.colcon_core.shell:Creating prefix util module '/home/hemant/ros2_ws/install/_local_setup_util_sh.py'
[1.936s] INFO:colcon.colcon_core.shell:Creating prefix chain script '/home/hemant/ros2_ws/install/setup.sh'
[1.937s] INFO:colcon.colcon_core.shell:Creating prefix script '/home/hemant/ros2_ws/install/local_setup.bash'
[1.937s] INFO:colcon.colcon_core.shell:Creating prefix chain script '/home/hemant/ros2_ws/install/setup.bash'
[1.938s] INFO:colcon.colcon_core.shell:Creating prefix script '/home/hemant/ros2_ws/install/local_setup.zsh'
[1.938s] INFO:colcon.colcon_core.shell:Creating prefix chain script '/home/hemant/ros2_ws/install/setup.zsh'
