[0.181s] Invoking command in '/home/hemant/ros2_ws/build/basic_mobile_robot': CMAKE_PREFIX_PATH=${CMAKE_PREFIX_PATH}:/home/hemant/ros2_ws/install/follower:/home/hemant/ros2_ws/install/basic:/opt/ros/foxy /usr/bin/cmake --build /home/hemant/ros2_ws/build/basic_mobile_robot -- -j8 -l8
[0.351s] Invoked command in '/home/hemant/ros2_ws/build/basic_mobile_robot' returned '0': CMAKE_PREFIX_PATH=${CMAKE_PREFIX_PATH}:/home/hemant/ros2_ws/install/follower:/home/hemant/ros2_ws/install/basic:/opt/ros/foxy /usr/bin/cmake --build /home/hemant/ros2_ws/build/basic_mobile_robot -- -j8 -l8
[0.377s] Invoking command in '/home/hemant/ros2_ws/build/basic_mobile_robot': CMAKE_PREFIX_PATH=${CMAKE_PREFIX_PATH}:/home/hemant/ros2_ws/install/follower:/home/hemant/ros2_ws/install/basic:/opt/ros/foxy /usr/bin/cmake --install /home/hemant/ros2_ws/build/basic_mobile_robot
[0.384s] -- Install configuration: ""
[0.384s] -- Up-to-date: /home/hemant/ros2_ws/install/basic_mobile_robot/share/basic_mobile_robot/config
[0.384s] -- Up-to-date: /home/hemant/ros2_ws/install/basic_mobile_robot/share/basic_mobile_robot/launch
[0.384s] -- Up-to-date: /home/hemant/ros2_ws/install/basic_mobile_robot/share/basic_mobile_robot/launch/basic_mobile_bot_v2.launch.py
[0.384s] -- Up-to-date: /home/hemant/ros2_ws/install/basic_mobile_robot/share/basic_mobile_robot/launch/basic_mobile_bot_v1.launch.py
[0.384s] -- Up-to-date: /home/hemant/ros2_ws/install/basic_mobile_robot/share/basic_mobile_robot/maps
[0.385s] -- Up-to-date: /home/hemant/ros2_ws/install/basic_mobile_robot/share/basic_mobile_robot/meshes
[0.385s] -- Up-to-date: /home/hemant/ros2_ws/install/basic_mobile_robot/share/basic_mobile_robot/meshes/arm_base.stl
[0.385s] -- Up-to-date: /home/hemant/ros2_ws/install/basic_mobile_robot/share/basic_mobile_robot/meshes/robot_base.stl
[0.385s] -- Up-to-date: /home/hemant/ros2_ws/install/basic_mobile_robot/share/basic_mobile_robot/meshes/elbow.stl
[0.385s] -- Up-to-date: /home/hemant/ros2_ws/install/basic_mobile_robot/share/basic_mobile_robot/meshes/wheel.stl
[0.385s] -- Up-to-date: /home/hemant/ros2_ws/install/basic_mobile_robot/share/basic_mobile_robot/meshes/bicep.stl
[0.385s] -- Up-to-date: /home/hemant/ros2_ws/install/basic_mobile_robot/share/basic_mobile_robot/meshes/wrist.stl
[0.386s] -- Up-to-date: /home/hemant/ros2_ws/install/basic_mobile_robot/share/basic_mobile_robot/models
[0.386s] -- Up-to-date: /home/hemant/ros2_ws/install/basic_mobile_robot/share/basic_mobile_robot/models/basic_mobile_bot_description
[0.386s] -- Up-to-date: /home/hemant/ros2_ws/install/basic_mobile_robot/share/basic_mobile_robot/models/basic_mobile_bot_description/meshes
[0.386s] -- Up-to-date: /home/hemant/ros2_ws/install/basic_mobile_robot/share/basic_mobile_robot/models/basic_mobile_bot_description/meshes/arm_base.stl
[0.386s] -- Up-to-date: /home/hemant/ros2_ws/install/basic_mobile_robot/share/basic_mobile_robot/models/basic_mobile_bot_description/meshes/robot_base.stl
[0.386s] -- Up-to-date: /home/hemant/ros2_ws/install/basic_mobile_robot/share/basic_mobile_robot/models/basic_mobile_bot_description/meshes/elbow.stl
[0.386s] -- Up-to-date: /home/hemant/ros2_ws/install/basic_mobile_robot/share/basic_mobile_robot/models/basic_mobile_bot_description/meshes/wheel.stl
[0.386s] -- Up-to-date: /home/hemant/ros2_ws/install/basic_mobile_robot/share/basic_mobile_robot/models/basic_mobile_bot_description/meshes/bicep.stl
[0.386s] -- Up-to-date: /home/hemant/ros2_ws/install/basic_mobile_robot/share/basic_mobile_robot/models/basic_mobile_bot_description/meshes/wrist.stl
[0.387s] -- Up-to-date: /home/hemant/ros2_ws/install/basic_mobile_robot/share/basic_mobile_robot/models/basic_mobile_bot_description/model.config
[0.387s] -- Up-to-date: /home/hemant/ros2_ws/install/basic_mobile_robot/share/basic_mobile_robot/models/basic_mobile_bot_description/model.sdf
[0.387s] -- Up-to-date: /home/hemant/ros2_ws/install/basic_mobile_robot/share/basic_mobile_robot/models/basic_mobile_bot_v1.urdf
[0.387s] -- Up-to-date: /home/hemant/ros2_ws/install/basic_mobile_robot/share/basic_mobile_robot/params
[0.387s] -- Up-to-date: /home/hemant/ros2_ws/install/basic_mobile_robot/share/basic_mobile_robot/rviz
[0.387s] -- Up-to-date: /home/hemant/ros2_ws/install/basic_mobile_robot/share/basic_mobile_robot/rviz/urdf_config.rviz
[0.387s] -- Up-to-date: /home/hemant/ros2_ws/install/basic_mobile_robot/share/basic_mobile_robot/src
[0.387s] -- Up-to-date: /home/hemant/ros2_ws/install/basic_mobile_robot/share/basic_mobile_robot/worlds
[0.387s] -- Up-to-date: /home/hemant/ros2_ws/install/basic_mobile_robot/share/basic_mobile_robot/worlds/basic_mobile_bot_world
[0.387s] -- Up-to-date: /home/hemant/ros2_ws/install/basic_mobile_robot/share/basic_mobile_robot/worlds/basic_mobile_bot_world/smalltown.world
[0.388s] -- Up-to-date: /home/hemant/ros2_ws/install/basic_mobile_robot/share/ament_index/resource_index/package_run_dependencies/basic_mobile_robot
[0.388s] -- Up-to-date: /home/hemant/ros2_ws/install/basic_mobile_robot/share/ament_index/resource_index/parent_prefix_path/basic_mobile_robot
[0.388s] -- Up-to-date: /home/hemant/ros2_ws/install/basic_mobile_robot/share/basic_mobile_robot/environment/ament_prefix_path.sh
[0.388s] -- Up-to-date: /home/hemant/ros2_ws/install/basic_mobile_robot/share/basic_mobile_robot/environment/ament_prefix_path.dsv
[0.388s] -- Up-to-date: /home/hemant/ros2_ws/install/basic_mobile_robot/share/basic_mobile_robot/environment/path.sh
[0.388s] -- Up-to-date: /home/hemant/ros2_ws/install/basic_mobile_robot/share/basic_mobile_robot/environment/path.dsv
[0.388s] -- Up-to-date: /home/hemant/ros2_ws/install/basic_mobile_robot/share/basic_mobile_robot/local_setup.bash
[0.388s] -- Up-to-date: /home/hemant/ros2_ws/install/basic_mobile_robot/share/basic_mobile_robot/local_setup.sh
[0.388s] -- Up-to-date: /home/hemant/ros2_ws/install/basic_mobile_robot/share/basic_mobile_robot/local_setup.zsh
[0.388s] -- Up-to-date: /home/hemant/ros2_ws/install/basic_mobile_robot/share/basic_mobile_robot/local_setup.dsv
[0.388s] -- Up-to-date: /home/hemant/ros2_ws/install/basic_mobile_robot/share/basic_mobile_robot/package.dsv
[0.388s] -- Up-to-date: /home/hemant/ros2_ws/install/basic_mobile_robot/share/ament_index/resource_index/packages/basic_mobile_robot
[0.388s] -- Up-to-date: /home/hemant/ros2_ws/install/basic_mobile_robot/share/basic_mobile_robot/cmake/basic_mobile_robotConfig.cmake
[0.388s] -- Up-to-date: /home/hemant/ros2_ws/install/basic_mobile_robot/share/basic_mobile_robot/cmake/basic_mobile_robotConfig-version.cmake
[0.388s] -- Up-to-date: /home/hemant/ros2_ws/install/basic_mobile_robot/share/basic_mobile_robot/package.xml
[0.389s] Invoked command in '/home/hemant/ros2_ws/build/basic_mobile_robot' returned '0': CMAKE_PREFIX_PATH=${CMAKE_PREFIX_PATH}:/home/hemant/ros2_ws/install/follower:/home/hemant/ros2_ws/install/basic:/opt/ros/foxy /usr/bin/cmake --install /home/hemant/ros2_ws/build/basic_mobile_robot
