running egg_info
writing ../../build/follower/follower.egg-info/PKG-INFO
writing dependency_links to ../../build/follower/follower.egg-info/dependency_links.txt
writing entry points to ../../build/follower/follower.egg-info/entry_points.txt
writing requirements to ../../build/follower/follower.egg-info/requires.txt
writing top-level names to ../../build/follower/follower.egg-info/top_level.txt
reading manifest file '../../build/follower/follower.egg-info/SOURCES.txt'
writing manifest file '../../build/follower/follower.egg-info/SOURCES.txt'
running build
running build_py
running install
running install_lib
running install_data
running install_egg_info
removing '/home/hemant/ros2_ws/install/follower/lib/python3.8/site-packages/follower-0.0.0-py3.8.egg-info' (and everything under it)
Copying ../../build/follower/follower.egg-info to /home/hemant/ros2_ws/install/follower/lib/python3.8/site-packages/follower-0.0.0-py3.8.egg-info
running install_scripts
Installing broadcaster script to /home/hemant/ros2_ws/install/follower/lib/follower
Installing listener script to /home/hemant/ros2_ws/install/follower/lib/follower
writing list of installed files to '/home/hemant/ros2_ws/build/follower/install.log'
