[0.677s] Invoking command in '/home/hemant/ros2_ws/src/follower': PYTHONPATH=/home/hemant/ros2_ws/build/follower/prefix_override:/usr/lib/python3/dist-packages/colcon_core/task/python/colcon_distutils_commands:/home/hemant/ros2_ws/install/follower/lib/python3.8/site-packages:${PYTHONPATH} /usr/bin/python3 -W ignore:setup.py install is deprecated setup.py egg_info --egg-base ../../build/follower build --build-base /home/hemant/ros2_ws/build/follower/build install --record /home/hemant/ros2_ws/build/follower/install.log --install-scripts $base/lib/follower --single-version-externally-managed install_data
[0.806s] running egg_info
[0.806s] writing ../../build/follower/follower.egg-info/PKG-INFO
[0.808s] writing dependency_links to ../../build/follower/follower.egg-info/dependency_links.txt
[0.808s] writing entry points to ../../build/follower/follower.egg-info/entry_points.txt
[0.808s] writing requirements to ../../build/follower/follower.egg-info/requires.txt
[0.808s] writing top-level names to ../../build/follower/follower.egg-info/top_level.txt
[0.838s] reading manifest file '../../build/follower/follower.egg-info/SOURCES.txt'
[0.839s] writing manifest file '../../build/follower/follower.egg-info/SOURCES.txt'
[0.839s] running build
[0.839s] running build_py
[0.840s] running install
[0.841s] running install_lib
[0.842s] running install_data
[0.843s] running install_egg_info
[0.844s] removing '/home/hemant/ros2_ws/install/follower/lib/python3.8/site-packages/follower-0.0.0-py3.8.egg-info' (and everything under it)
[0.844s] Copying ../../build/follower/follower.egg-info to /home/hemant/ros2_ws/install/follower/lib/python3.8/site-packages/follower-0.0.0-py3.8.egg-info
[0.845s] running install_scripts
[0.856s] Installing broadcaster script to /home/hemant/ros2_ws/install/follower/lib/follower
[0.857s] Installing listener script to /home/hemant/ros2_ws/install/follower/lib/follower
[0.857s] writing list of installed files to '/home/hemant/ros2_ws/build/follower/install.log'
[0.877s] Invoked command in '/home/hemant/ros2_ws/src/follower' returned '0': PYTHONPATH=/home/hemant/ros2_ws/build/follower/prefix_override:/usr/lib/python3/dist-packages/colcon_core/task/python/colcon_distutils_commands:/home/hemant/ros2_ws/install/follower/lib/python3.8/site-packages:${PYTHONPATH} /usr/bin/python3 -W ignore:setup.py install is deprecated setup.py egg_info --egg-base ../../build/follower build --build-base /home/hemant/ros2_ws/build/follower/build install --record /home/hemant/ros2_ws/build/follower/install.log --install-scripts $base/lib/follower --single-version-externally-managed install_data
