[0.158s] Invoking command in '/home/hemant/ros2_ws/build/basic_mobile_robot': CMAKE_PREFIX_PATH=${CMAKE_PREFIX_PATH}:/home/hemant/ros2_ws/install/follower:/home/hemant/ros2_ws/install/basic:/opt/ros/foxy /usr/bin/cmake /home/hemant/ros2_ws/src/basic_mobile_robot -DCMAKE_INSTALL_PREFIX=/home/hemant/ros2_ws/install/basic_mobile_robot
[0.321s] -- The C compiler identification is GNU 9.4.0
[0.321s] -- The CXX compiler identification is GNU 9.4.0
[0.322s] -- Check for working C compiler: /usr/bin/cc
[0.322s] -- Check for working C compiler: /usr/bin/cc -- works
[0.322s] -- Detecting C compiler ABI info
[0.351s] -- Detecting C compiler ABI info - done
[0.360s] -- Detecting C compile features
[0.360s] -- Detecting C compile features - done
[0.362s] -- Check for working CXX compiler: /usr/bin/c++
[0.430s] -- Check for working CXX compiler: /usr/bin/c++ -- works
[0.432s] -- Detecting CXX compiler ABI info
[0.496s] -- Detecting CXX compiler ABI info - done
[0.509s] -- Detecting CXX compile features
[0.509s] -- Detecting CXX compile features - done
[0.511s] -- Found ament_cmake: 0.9.12 (/opt/ros/foxy/share/ament_cmake/cmake)
[0.533s] -- Found PythonInterp: /usr/bin/python3 (found suitable version "3.8.10", minimum required is "3") 
[0.533s] -- Using PYTHON_EXECUTABLE: /usr/bin/python3
[0.700s] -- Found ament_lint_auto: 0.9.8 (/opt/ros/foxy/share/ament_lint_auto/cmake)
[0.763s] -- Added test 'copyright' to check source files copyright and LICENSE
[0.765s] -- Added test 'flake8' to check Python code syntax and style conventions
[0.766s] -- Added test 'lint_cmake' to check CMake code style
[0.766s] -- Added test 'pep257' to check Python code against some of the style conventions in PEP 257
[0.767s] -- Added test 'xmllint' to check XML markup files
[0.769s] -- Configuring done
[0.770s] -- Generating done
[0.771s] -- Build files have been written to: /home/hemant/ros2_ws/build/basic_mobile_robot
[0.774s] Invoked command in '/home/hemant/ros2_ws/build/basic_mobile_robot' returned '0': CMAKE_PREFIX_PATH=${CMAKE_PREFIX_PATH}:/home/hemant/ros2_ws/install/follower:/home/hemant/ros2_ws/install/basic:/opt/ros/foxy /usr/bin/cmake /home/hemant/ros2_ws/src/basic_mobile_robot -DCMAKE_INSTALL_PREFIX=/home/hemant/ros2_ws/install/basic_mobile_robot
[0.777s] Invoking command in '/home/hemant/ros2_ws/build/basic_mobile_robot': CMAKE_PREFIX_PATH=${CMAKE_PREFIX_PATH}:/home/hemant/ros2_ws/install/follower:/home/hemant/ros2_ws/install/basic:/opt/ros/foxy /usr/bin/cmake --build /home/hemant/ros2_ws/build/basic_mobile_robot -- -j8 -l8
[0.807s] Invoked command in '/home/hemant/ros2_ws/build/basic_mobile_robot' returned '0': CMAKE_PREFIX_PATH=${CMAKE_PREFIX_PATH}:/home/hemant/ros2_ws/install/follower:/home/hemant/ros2_ws/install/basic:/opt/ros/foxy /usr/bin/cmake --build /home/hemant/ros2_ws/build/basic_mobile_robot -- -j8 -l8
[0.834s] Invoking command in '/home/hemant/ros2_ws/build/basic_mobile_robot': CMAKE_PREFIX_PATH=${CMAKE_PREFIX_PATH}:/home/hemant/ros2_ws/install/follower:/home/hemant/ros2_ws/install/basic:/opt/ros/foxy /usr/bin/cmake --install /home/hemant/ros2_ws/build/basic_mobile_robot
[0.841s] -- Install configuration: ""
[0.841s] -- Installing: /home/hemant/ros2_ws/install/basic_mobile_robot/share/basic_mobile_robot/config
[0.841s] -- Installing: /home/hemant/ros2_ws/install/basic_mobile_robot/share/basic_mobile_robot/launch
[0.841s] -- Installing: /home/hemant/ros2_ws/install/basic_mobile_robot/share/basic_mobile_robot/launch/basic_mobile_bot_v2.launch.py
[0.841s] -- Installing: /home/hemant/ros2_ws/install/basic_mobile_robot/share/basic_mobile_robot/launch/basic_mobile_bot_v1.launch.py
[0.841s] -- Installing: /home/hemant/ros2_ws/install/basic_mobile_robot/share/basic_mobile_robot/maps
[0.841s] -- Installing: /home/hemant/ros2_ws/install/basic_mobile_robot/share/basic_mobile_robot/meshes
[0.841s] -- Installing: /home/hemant/ros2_ws/install/basic_mobile_robot/share/basic_mobile_robot/meshes/arm_base.stl
[0.841s] -- Installing: /home/hemant/ros2_ws/install/basic_mobile_robot/share/basic_mobile_robot/meshes/robot_base.stl
[0.842s] -- Installing: /home/hemant/ros2_ws/install/basic_mobile_robot/share/basic_mobile_robot/meshes/elbow.stl
[0.842s] -- Installing: /home/hemant/ros2_ws/install/basic_mobile_robot/share/basic_mobile_robot/meshes/wheel.stl
[0.842s] -- Installing: /home/hemant/ros2_ws/install/basic_mobile_robot/share/basic_mobile_robot/meshes/bicep.stl
[0.842s] -- Installing: /home/hemant/ros2_ws/install/basic_mobile_robot/share/basic_mobile_robot/meshes/wrist.stl
[0.842s] -- Installing: /home/hemant/ros2_ws/install/basic_mobile_robot/share/basic_mobile_robot/models
[0.842s] -- Installing: /home/hemant/ros2_ws/install/basic_mobile_robot/share/basic_mobile_robot/models/basic_mobile_bot_description
[0.842s] -- Installing: /home/hemant/ros2_ws/install/basic_mobile_robot/share/basic_mobile_robot/models/basic_mobile_bot_description/meshes
[0.842s] -- Installing: /home/hemant/ros2_ws/install/basic_mobile_robot/share/basic_mobile_robot/models/basic_mobile_bot_description/meshes/arm_base.stl
[0.842s] -- Installing: /home/hemant/ros2_ws/install/basic_mobile_robot/share/basic_mobile_robot/models/basic_mobile_bot_description/meshes/robot_base.stl
[0.842s] -- Installing: /home/hemant/ros2_ws/install/basic_mobile_robot/share/basic_mobile_robot/models/basic_mobile_bot_description/meshes/elbow.stl
[0.843s] -- Installing: /home/hemant/ros2_ws/install/basic_mobile_robot/share/basic_mobile_robot/models/basic_mobile_bot_description/meshes/wheel.stl
[0.843s] -- Installing: /home/hemant/ros2_ws/install/basic_mobile_robot/share/basic_mobile_robot/models/basic_mobile_bot_description/meshes/bicep.stl
[0.843s] -- Installing: /home/hemant/ros2_ws/install/basic_mobile_robot/share/basic_mobile_robot/models/basic_mobile_bot_description/meshes/wrist.stl
[0.843s] -- Installing: /home/hemant/ros2_ws/install/basic_mobile_robot/share/basic_mobile_robot/models/basic_mobile_bot_description/model.config
[0.843s] -- Installing: /home/hemant/ros2_ws/install/basic_mobile_robot/share/basic_mobile_robot/models/basic_mobile_bot_description/model.sdf
[0.843s] -- Installing: /home/hemant/ros2_ws/install/basic_mobile_robot/share/basic_mobile_robot/models/basic_mobile_bot_v1.urdf
[0.843s] -- Installing: /home/hemant/ros2_ws/install/basic_mobile_robot/share/basic_mobile_robot/params
[0.843s] -- Installing: /home/hemant/ros2_ws/install/basic_mobile_robot/share/basic_mobile_robot/rviz
[0.844s] -- Installing: /home/hemant/ros2_ws/install/basic_mobile_robot/share/basic_mobile_robot/rviz/urdf_config.rviz
[0.844s] -- Installing: /home/hemant/ros2_ws/install/basic_mobile_robot/share/basic_mobile_robot/src
[0.844s] -- Installing: /home/hemant/ros2_ws/install/basic_mobile_robot/share/basic_mobile_robot/worlds
[0.844s] -- Installing: /home/hemant/ros2_ws/install/basic_mobile_robot/share/basic_mobile_robot/worlds/basic_mobile_bot_world
[0.844s] -- Installing: /home/hemant/ros2_ws/install/basic_mobile_robot/share/basic_mobile_robot/worlds/basic_mobile_bot_world/smalltown.world
[0.844s] -- Installing: /home/hemant/ros2_ws/install/basic_mobile_robot/share/ament_index/resource_index/package_run_dependencies/basic_mobile_robot
[0.844s] -- Installing: /home/hemant/ros2_ws/install/basic_mobile_robot/share/ament_index/resource_index/parent_prefix_path/basic_mobile_robot
[0.844s] -- Installing: /home/hemant/ros2_ws/install/basic_mobile_robot/share/basic_mobile_robot/environment/ament_prefix_path.sh
[0.845s] -- Installing: /home/hemant/ros2_ws/install/basic_mobile_robot/share/basic_mobile_robot/environment/ament_prefix_path.dsv
[0.845s] -- Installing: /home/hemant/ros2_ws/install/basic_mobile_robot/share/basic_mobile_robot/environment/path.sh
[0.845s] -- Installing: /home/hemant/ros2_ws/install/basic_mobile_robot/share/basic_mobile_robot/environment/path.dsv
[0.845s] -- Installing: /home/hemant/ros2_ws/install/basic_mobile_robot/share/basic_mobile_robot/local_setup.bash
[0.845s] -- Installing: /home/hemant/ros2_ws/install/basic_mobile_robot/share/basic_mobile_robot/local_setup.sh
[0.845s] -- Installing: /home/hemant/ros2_ws/install/basic_mobile_robot/share/basic_mobile_robot/local_setup.zsh
[0.845s] -- Installing: /home/hemant/ros2_ws/install/basic_mobile_robot/share/basic_mobile_robot/local_setup.dsv
[0.845s] -- Installing: /home/hemant/ros2_ws/install/basic_mobile_robot/share/basic_mobile_robot/package.dsv
[0.845s] -- Installing: /home/hemant/ros2_ws/install/basic_mobile_robot/share/ament_index/resource_index/packages/basic_mobile_robot
[0.846s] -- Installing: /home/hemant/ros2_ws/install/basic_mobile_robot/share/basic_mobile_robot/cmake/basic_mobile_robotConfig.cmake
[0.846s] -- Installing: /home/hemant/ros2_ws/install/basic_mobile_robot/share/basic_mobile_robot/cmake/basic_mobile_robotConfig-version.cmake
[0.846s] -- Installing: /home/hemant/ros2_ws/install/basic_mobile_robot/share/basic_mobile_robot/package.xml
[0.848s] Invoked command in '/home/hemant/ros2_ws/build/basic_mobile_robot' returned '0': CMAKE_PREFIX_PATH=${CMAKE_PREFIX_PATH}:/home/hemant/ros2_ws/install/follower:/home/hemant/ros2_ws/install/basic:/opt/ros/foxy /usr/bin/cmake --install /home/hemant/ros2_ws/build/basic_mobile_robot
