running egg_info
writing ../../build/basic/basic.egg-info/PKG-INFO
writing dependency_links to ../../build/basic/basic.egg-info/dependency_links.txt
writing entry points to ../../build/basic/basic.egg-info/entry_points.txt
writing requirements to ../../build/basic/basic.egg-info/requires.txt
writing top-level names to ../../build/basic/basic.egg-info/top_level.txt
reading manifest file '../../build/basic/basic.egg-info/SOURCES.txt'
writing manifest file '../../build/basic/basic.egg-info/SOURCES.txt'
running build
running build_py
running install
running install_lib
running install_data
running install_egg_info
removing '/home/hemant/ros2_ws/install/basic/lib/python3.8/site-packages/basic-0.0.0-py3.8.egg-info' (and everything under it)
Copying ../../build/basic/basic.egg-info to /home/hemant/ros2_ws/install/basic/lib/python3.8/site-packages/basic-0.0.0-py3.8.egg-info
running install_scripts
Installing listener script to /home/hemant/ros2_ws/install/basic/lib/basic
Installing talker script to /home/hemant/ros2_ws/install/basic/lib/basic
writing list of installed files to '/home/hemant/ros2_ws/build/basic/install.log'
