[0.709s] Invoking command in '/home/hemant/ros2_ws/src/basic': PYTHONPATH=/home/hemant/ros2_ws/build/basic/prefix_override:/usr/lib/python3/dist-packages/colcon_core/task/python/colcon_distutils_commands:/home/hemant/ros2_ws/install/basic/lib/python3.8/site-packages:${PYTHONPATH} /usr/bin/python3 -W ignore:setup.py install is deprecated setup.py egg_info --egg-base ../../build/basic build --build-base /home/hemant/ros2_ws/build/basic/build install --record /home/hemant/ros2_ws/build/basic/install.log --install-scripts $base/lib/basic --single-version-externally-managed install_data
[0.838s] running egg_info
[0.839s] writing ../../build/basic/basic.egg-info/PKG-INFO
[0.841s] writing dependency_links to ../../build/basic/basic.egg-info/dependency_links.txt
[0.841s] writing entry points to ../../build/basic/basic.egg-info/entry_points.txt
[0.841s] writing requirements to ../../build/basic/basic.egg-info/requires.txt
[0.841s] writing top-level names to ../../build/basic/basic.egg-info/top_level.txt
[0.867s] reading manifest file '../../build/basic/basic.egg-info/SOURCES.txt'
[0.868s] writing manifest file '../../build/basic/basic.egg-info/SOURCES.txt'
[0.868s] running build
[0.868s] running build_py
[0.869s] running install
[0.870s] running install_lib
[0.872s] running install_data
[0.872s] running install_egg_info
[0.873s] removing '/home/hemant/ros2_ws/install/basic/lib/python3.8/site-packages/basic-0.0.0-py3.8.egg-info' (and everything under it)
[0.873s] Copying ../../build/basic/basic.egg-info to /home/hemant/ros2_ws/install/basic/lib/python3.8/site-packages/basic-0.0.0-py3.8.egg-info
[0.874s] running install_scripts
[0.885s] Installing listener script to /home/hemant/ros2_ws/install/basic/lib/basic
[0.886s] Installing talker script to /home/hemant/ros2_ws/install/basic/lib/basic
[0.886s] writing list of installed files to '/home/hemant/ros2_ws/build/basic/install.log'
[0.911s] Invoked command in '/home/hemant/ros2_ws/src/basic' returned '0': PYTHONPATH=/home/hemant/ros2_ws/build/basic/prefix_override:/usr/lib/python3/dist-packages/colcon_core/task/python/colcon_distutils_commands:/home/hemant/ros2_ws/install/basic/lib/python3.8/site-packages:${PYTHONPATH} /usr/bin/python3 -W ignore:setup.py install is deprecated setup.py egg_info --egg-base ../../build/basic build --build-base /home/hemant/ros2_ws/build/basic/build install --record /home/hemant/ros2_ws/build/basic/install.log --install-scripts $base/lib/basic --single-version-externally-managed install_data
